<?xml version="1.0" encoding="utf-8"?>
<log version="1.0" tool="runtool">

<msg id="1" tool="runtool">
  <type>log-start</type>
  <arg>2020/11/04 18:26:20</arg>
</msg>
<msg id="2" tool="runtool">
  <type>bandwidth-measurement-starts</type>
</msg>
<msg id="3" tool="runtool">
  <type>bandwidth-measurement-done</type>
</msg>
<msg id="4" tool="runtool">
  <type>collector-starts</type>
</msg>
<msg id="5" tool="runtool">
  <type>marker-file</type>
  <arg>/home/thanasis/rooflineCheck/roofline/e000/trc000/trc000.advixe</arg>
</msg>
<msg id="6" tool="trc">
  <type>PROCESS_START</type>
  <arg>/home/thanasis/rooflineCheck/1_mmult_serial</arg>
  <arg>155015</arg>
  <severity>INFO</severity>
  <timestamp>Wed Nov  4 18:26:31 2020</timestamp>
</msg>
<msg id="7" tool="trc">
  <type>PROCESS_ANALYSIS_MODE</type>
  <arg>full</arg>
  <severity>INFO</severity>
  <timestamp>Wed Nov  4 18:26:31 2020</timestamp>
</msg>
<msg id="8" tool="trc">
  <type>LOAD_MODULE</type>
  <arg>/home/thanasis/rooflineCheck/1_mmult_serial</arg>
  <arg>0x564f677af000</arg>
  <arg>0x564f682f67a7</arg>
  <severity>INFO</severity>
  <timestamp>Wed Nov  4 18:26:31 2020</timestamp>
</msg>
<msg id="9" tool="trc">
  <type>LOAD_MODULE</type>
  <arg>/lib64/ld-linux-x86-64.so.2</arg>
  <arg>0x7fad840aa000</arg>
  <arg>0x7fad840d918f</arg>
  <severity>INFO</severity>
  <timestamp>Wed Nov  4 18:26:31 2020</timestamp>
</msg>
<msg id="10" tool="trc">
  <type>LOAD_MODULE</type>
  <arg>[vdso]</arg>
  <arg>0x7ffcc120f000</arg>
  <arg>0x7ffcc120fa3b</arg>
  <severity>INFO</severity>
  <timestamp>Wed Nov  4 18:26:31 2020</timestamp>
</msg>
<msg id="11" tool="trc">
  <type>UNLOAD_MODULE</type>
  <arg>/home/thanasis/rooflineCheck/1_mmult_serial</arg>
  <severity>INFO</severity>
  <timestamp>Wed Nov  4 18:26:31 2020</timestamp>
</msg>
<msg id="12" tool="trc">
  <type>UNLOAD_MODULE</type>
  <arg>/lib64/ld-linux-x86-64.so.2</arg>
  <severity>INFO</severity>
  <timestamp>Wed Nov  4 18:26:31 2020</timestamp>
</msg>
<msg id="13" tool="trc">
  <type>UNLOAD_MODULE</type>
  <arg>[vdso]</arg>
  <severity>INFO</severity>
  <timestamp>Wed Nov  4 18:26:31 2020</timestamp>
</msg>
<msg id="14" tool="trc">
  <type>PROCESS_FINISH</type>
  <arg>/home/thanasis/rooflineCheck/1_mmult_serial</arg>
  <arg>155015</arg>
  <arg>0x7f</arg>
  <severity>INFO</severity>
  <timestamp>Wed Nov  4 18:26:31 2020</timestamp>
</msg>
<msg id="15" tool="runtool">
  <type>app-exit-code</type>
  <arg>127</arg>
</msg>
<msg id="16" tool="runtool">
  <type>marker-file</type>
  <arg>/home/thanasis/rooflineCheck/roofline/e000/trc000/trc000.advixe</arg>
</msg>
<msg id="17" tool="runtool">
  <type>collector-done</type>
</msg>
<msg id="18" tool="runtool">
  <type>log-end</type>
  <arg>2020/11/04 18:26:34</arg>
</msg>

</log>

