<?xml version="1.0" encoding="utf-8"?>
<log version="1.0" tool="runtool">

<msg id="1" tool="runtool">
  <type>log-start</type>
  <arg>2021/10/27 10:35:07</arg>
</msg>
<msg id="2" tool="runtool">
  <type>collector-starts</type>
</msg>
<msg id="3" tool="runtool">
  <type>marker-file</type>
  <arg>/home/thanasis/rooflineCheck/rooflineCheck/e000/mp023/mp023.advixe</arg>
</msg>
<msg id="4" tool="tc">
  <type>START</type>
  <severity>INFO</severity>
  <timestamp>Wed Oct 27 10:35:07 2021</timestamp>
</msg>
<msg id="5" tool="tc">
  <type>EXEC_OF_INTEREST</type>
  <arg>/home/thanasis/rooflineCheck/1_mmult_serial</arg>
  <arg>34502</arg>
  <severity>INFO</severity>
  <timestamp>Wed Oct 27 10:35:07 2021</timestamp>
</msg>
<msg id="6" tool="tc">
  <type>LOAD_MODULE</type>
  <arg>/home/thanasis/rooflineCheck/1_mmult_serial</arg>
  <arg>0x55c2dc5a6000</arg>
  <arg>0x55c2dd0f2f4f</arg>
  <arg>1</arg>
  <severity>INFO</severity>
  <timestamp>Wed Oct 27 10:35:07 2021</timestamp>
</msg>
<msg id="7" tool="tc">
  <type>LOAD_MODULE</type>
  <arg>/lib64/ld-linux-x86-64.so.2</arg>
  <arg>0x7fec438f6000</arg>
  <arg>0x7fec4392518f</arg>
  <arg>2</arg>
  <severity>INFO</severity>
  <timestamp>Wed Oct 27 10:35:07 2021</timestamp>
</msg>
<msg id="8" tool="tc">
  <type>LOAD_MODULE</type>
  <arg>[vdso]</arg>
  <arg>0x7ffcc59ec000</arg>
  <arg>0x7ffcc59ecfde</arg>
  <arg>3</arg>
  <severity>INFO</severity>
  <timestamp>Wed Oct 27 10:35:07 2021</timestamp>
</msg>
<msg id="9" tool="tc">
  <type>LOAD_MODULE</type>
  <arg>/opt/intel/oneapi/compiler/2021.4.0/linux/compiler/lib/intel64_lin/libiomp5.so</arg>
  <arg>0x7fec2ae61000</arg>
  <arg>0x7fec2b28007f</arg>
  <arg>4</arg>
  <severity>INFO</severity>
  <timestamp>Wed Oct 27 10:35:07 2021</timestamp>
</msg>
<msg id="10" tool="tc">
  <type>LOAD_MODULE</type>
  <arg>/lib/x86_64-linux-gnu/libpthread.so.0</arg>
  <arg>0x7fec2ad4b000</arg>
  <arg>0x7fec2ad6d477</arg>
  <arg>5</arg>
  <severity>INFO</severity>
  <timestamp>Wed Oct 27 10:35:07 2021</timestamp>
</msg>
<msg id="11" tool="tc">
  <type>LOAD_MODULE</type>
  <arg>/lib/x86_64-linux-gnu/libdl.so.2</arg>
  <arg>0x7fec2ad74000</arg>
  <arg>0x7fec2ad7910f</arg>
  <arg>6</arg>
  <severity>INFO</severity>
  <timestamp>Wed Oct 27 10:35:07 2021</timestamp>
</msg>
<msg id="12" tool="tc">
  <type>LOAD_MODULE</type>
  <arg>/lib/x86_64-linux-gnu/libstdc++.so.6</arg>
  <arg>0x7fec2ab48000</arg>
  <arg>0x7fec2ad297ff</arg>
  <arg>7</arg>
  <severity>INFO</severity>
  <timestamp>Wed Oct 27 10:35:07 2021</timestamp>
</msg>
<msg id="13" tool="tc">
  <type>LOAD_MODULE</type>
  <arg>/lib/x86_64-linux-gnu/libc.so.6</arg>
  <arg>0x7fec2a956000</arg>
  <arg>0x7fec2ab474d7</arg>
  <arg>8</arg>
  <severity>INFO</severity>
  <timestamp>Wed Oct 27 10:35:07 2021</timestamp>
</msg>
<msg id="14" tool="tc">
  <type>LOAD_MODULE</type>
  <arg>/lib/x86_64-linux-gnu/librt.so.1</arg>
  <arg>0x7fec2a933000</arg>
  <arg>0x7fec2a93dbdf</arg>
  <arg>9</arg>
  <severity>INFO</severity>
  <timestamp>Wed Oct 27 10:35:07 2021</timestamp>
</msg>
<msg id="15" tool="tc">
  <type>LOAD_MODULE</type>
  <arg>/lib/x86_64-linux-gnu/libgcc_s.so.1</arg>
  <arg>0x7fec2a910000</arg>
  <arg>0x7fec2a92a447</arg>
  <arg>10</arg>
  <severity>INFO</severity>
  <timestamp>Wed Oct 27 10:35:07 2021</timestamp>
</msg>
<msg id="16" tool="tc">
  <type>LOAD_MODULE</type>
  <arg>/lib/x86_64-linux-gnu/libm.so.6</arg>
  <arg>0x7fec2a7a9000</arg>
  <arg>0x7fec2a8f710f</arg>
  <arg>11</arg>
  <severity>INFO</severity>
  <timestamp>Wed Oct 27 10:35:08 2021</timestamp>
</msg>
<msg id="17" tool="tc">
  <type>LOAD_MODULE</type>
  <arg>/opt/intel/oneapi/advisor/2021.4.0/lib64/runtime/libittnotify.so</arg>
  <arg>0x7fec26cfc000</arg>
  <arg>0x7fec26f0865f</arg>
  <arg>12</arg>
  <severity>INFO</severity>
  <timestamp>Wed Oct 27 10:35:09 2021</timestamp>
</msg>
<msg id="18" tool="tc">
  <type>LOAD_MODULE</type>
  <arg>/opt/intel/oneapi/advisor/2021.4.0/lib64/libpinjitprofiling.so</arg>
  <arg>0x7fec269de000</arg>
  <arg>0x7fec26bdf00f</arg>
  <arg>13</arg>
  <severity>INFO</severity>
  <timestamp>Wed Oct 27 10:35:09 2021</timestamp>
</msg>
<msg id="19" tool="tc">
  <type>UNLOAD_MODULE</type>
  <arg>/home/thanasis/rooflineCheck/1_mmult_serial</arg>
  <arg>1</arg>
  <severity>INFO</severity>
  <timestamp>Wed Oct 27 10:35:11 2021</timestamp>
</msg>
<msg id="20" tool="tc">
  <type>UNLOAD_MODULE</type>
  <arg>/lib64/ld-linux-x86-64.so.2</arg>
  <arg>2</arg>
  <severity>INFO</severity>
  <timestamp>Wed Oct 27 10:35:11 2021</timestamp>
</msg>
<msg id="21" tool="tc">
  <type>UNLOAD_MODULE</type>
  <arg>[vdso]</arg>
  <arg>3</arg>
  <severity>INFO</severity>
  <timestamp>Wed Oct 27 10:35:11 2021</timestamp>
</msg>
<msg id="22" tool="tc">
  <type>UNLOAD_MODULE</type>
  <arg>/opt/intel/oneapi/compiler/2021.4.0/linux/compiler/lib/intel64_lin/libiomp5.so</arg>
  <arg>4</arg>
  <severity>INFO</severity>
  <timestamp>Wed Oct 27 10:35:11 2021</timestamp>
</msg>
<msg id="23" tool="tc">
  <type>UNLOAD_MODULE</type>
  <arg>/lib/x86_64-linux-gnu/libpthread.so.0</arg>
  <arg>5</arg>
  <severity>INFO</severity>
  <timestamp>Wed Oct 27 10:35:11 2021</timestamp>
</msg>
<msg id="24" tool="tc">
  <type>UNLOAD_MODULE</type>
  <arg>/lib/x86_64-linux-gnu/libdl.so.2</arg>
  <arg>6</arg>
  <severity>INFO</severity>
  <timestamp>Wed Oct 27 10:35:11 2021</timestamp>
</msg>
<msg id="25" tool="tc">
  <type>UNLOAD_MODULE</type>
  <arg>/lib/x86_64-linux-gnu/libstdc++.so.6</arg>
  <arg>7</arg>
  <severity>INFO</severity>
  <timestamp>Wed Oct 27 10:35:11 2021</timestamp>
</msg>
<msg id="26" tool="tc">
  <type>UNLOAD_MODULE</type>
  <arg>/lib/x86_64-linux-gnu/libc.so.6</arg>
  <arg>8</arg>
  <severity>INFO</severity>
  <timestamp>Wed Oct 27 10:35:11 2021</timestamp>
</msg>
<msg id="27" tool="tc">
  <type>UNLOAD_MODULE</type>
  <arg>/lib/x86_64-linux-gnu/librt.so.1</arg>
  <arg>9</arg>
  <severity>INFO</severity>
  <timestamp>Wed Oct 27 10:35:11 2021</timestamp>
</msg>
<msg id="28" tool="tc">
  <type>UNLOAD_MODULE</type>
  <arg>/lib/x86_64-linux-gnu/libgcc_s.so.1</arg>
  <arg>10</arg>
  <severity>INFO</severity>
  <timestamp>Wed Oct 27 10:35:11 2021</timestamp>
</msg>
<msg id="29" tool="tc">
  <type>UNLOAD_MODULE</type>
  <arg>/lib/x86_64-linux-gnu/libm.so.6</arg>
  <arg>11</arg>
  <severity>INFO</severity>
  <timestamp>Wed Oct 27 10:35:11 2021</timestamp>
</msg>
<msg id="30" tool="tc">
  <type>UNLOAD_MODULE</type>
  <arg>/opt/intel/oneapi/advisor/2021.4.0/lib64/runtime/libittnotify.so</arg>
  <arg>12</arg>
  <severity>INFO</severity>
  <timestamp>Wed Oct 27 10:35:11 2021</timestamp>
</msg>
<msg id="31" tool="tc">
  <type>UNLOAD_MODULE</type>
  <arg>/opt/intel/oneapi/advisor/2021.4.0/lib64/libpinjitprofiling.so</arg>
  <arg>13</arg>
  <severity>INFO</severity>
  <timestamp>Wed Oct 27 10:35:11 2021</timestamp>
</msg>
<msg id="32" tool="tc">
  <type>PROCESS_TERMINATE</type>
  <arg>/home/thanasis/rooflineCheck/1_mmult_serial</arg>
  <arg>34502</arg>
  <severity>INFO</severity>
  <timestamp>Wed Oct 27 10:35:11 2021</timestamp>
</msg>
<msg id="33" tool="tc">
  <type>NO_ANNOTATIONS</type>
  <severity>WARNING</severity>
  <timestamp>Wed Oct 27 10:35:11 2021</timestamp>
</msg>
<msg id="34" tool="tc">
  <type>ANALYSIS_COMPLETE</type>
  <severity>INFO</severity>
  <timestamp>Wed Oct 27 10:35:11 2021</timestamp>
</msg>
<msg id="35" tool="tc">
  <type>STOP</type>
  <severity>INFO</severity>
  <timestamp>Wed Oct 27 10:35:11 2021</timestamp>
</msg>
<msg id="36" tool="runtool">
  <type>app-exit-code</type>
  <arg>0</arg>
</msg>
<msg id="37" tool="runtool">
  <type>marker-file</type>
  <arg>/home/thanasis/rooflineCheck/rooflineCheck/e000/mp023/mp023.advixe</arg>
</msg>
<msg id="38" tool="runtool">
  <type>collector-done</type>
</msg>
<msg id="39" tool="runtool">
  <type>log-end</type>
  <arg>2021/10/27 10:35:15</arg>
</msg>

</log>

