<?xml version="1.0" encoding="utf-8" ?>
<!-- DO NOT EDIT THIS FILE -->

<log version='2.0' source='tcet'>
	<!-- Opened annotation file /opt/intel/oneapi/advisor/2021.4.0/lib64/../config/tc/map.ant -->
	<!-- Opened annotation file /opt/intel/oneapi/advisor/2021.4.0/lib64/../config/tc/allocators.ant -->
	<msg id='1' display='false' source='map'>
		<type>START</type>
		<severity>INFO</severity>
		<timestamp>Wed Oct 27 10:35:07 2021</timestamp>
	</msg>
	<!-- Successfully loaded CCRT 13.10.9 at address 0x7fec41394000 - 0x7fec4139d000 -->
	<!-- Successfully loaded the TC Analysis Core 8.18.12 at address 0x7fec3ef8a000 - 0x7fec3efea000 -->
	<!-- Successfully loaded the TC Instrumentation Engine 8.18.12 at address 0x7fec4139d000 - 0x7fec41604000 -->
	<!-- Environment: INTEL_LIBITTNOTIFY32=/opt/intel/oneapi/advisor/2021.4.0/lib32/runtime/libittnotify.so -->
	<!-- Environment: INTEL_LIBITTNOTIFY64=/opt/intel/oneapi/advisor/2021.4.0/lib64/runtime/libittnotify.so -->
	<!-- Environment: INTEL_JIT_PROFILER32=/opt/intel/oneapi/advisor/2021.4.0/lib32/libpinjitprofiling.so -->
	<!-- Environment: INTEL_JIT_PROFILER64=/opt/intel/oneapi/advisor/2021.4.0/lib64/libpinjitprofiling.so -->
	<!-- This is the instance of interest -->
	<msg id='2' source='tcet'>
		<type>EXEC_OF_INTEREST</type>
		<severity>INFO</severity>
		<timestamp>Wed Oct 27 10:35:07 2021</timestamp>
		<arg name='process'>/home/thanasis/rooflineCheck/1_mmult_serial</arg>
		<arg name='pid'>34502</arg>
	</msg>
	<msg id='3' source='tcet'>
		<type>LOAD_MODULE</type>
		<severity>INFO</severity>
		<timestamp>Wed Oct 27 10:35:07 2021</timestamp>
		<arg name='module'>/home/thanasis/rooflineCheck/1_mmult_serial</arg>
		<arg name='basement'>0x55c2dc5a6000</arg>
		<arg name='ceiling'>0x55c2dd0f2f4f</arg>
		<arg name='id'>1</arg>
	</msg>
	<!-- Found ZCA section with version 1.2 -->
	<!-- Found ZCA section with version 1.2 -->
	<!-- Found ZCA section with version 1.2 -->
	<!-- Found ZCA section with version 1.2 -->
	<!-- Found ZCA section with version 1.2 -->
	<!-- Found ZCA section with version 1.2 -->
	<!-- Found ZCA section with version 1.2 -->
	<!-- Found ZCA section with version 1.2 -->
	<!-- Found ZCA section with version 1.2 -->
	<!-- Found ZCA section with version 1.2 -->
	<!-- Found ZCA section with version 1.2 -->
	<!-- Found ZCA section with version 1.2 -->
	<!-- Found ZCA section with version 1.2 -->
	<!-- Found ZCA section with version 1.2 -->
	<!-- Found ZCA section with version 1.2 -->
	<!-- Found ZCA section with version 1.2 -->
	<!-- Found ZCA section with version 1.2 -->
	<!-- Found ZCA section with version 1.2 -->
	<!-- Found ZCA section with version 1.2 -->
	<!-- Found ZCA section with version 1.2 -->
	<!-- Found ZCA section with version 1.2 -->
	<!-- Found ZCA section with version 1.2 -->
	<!-- Found ZCA section with version 1.2 -->
	<!-- Found ZCA section with version 1.2 -->
	<!-- Found ZCA section with version 1.2 -->
	<!-- Found ZCA section with version 1.2 -->
	<!-- Found ZCA section with version 1.2 -->
	<!-- Found ZCA section with version 1.2 -->
	<!-- Found ZCA section with version 1.2 -->
	<!-- Found ZCA section with version 1.2 -->
	<!-- Found ZCA section with version 1.2 -->
	<!-- Found ZCA section with version 1.2 -->
	<!-- Found ZCA section with version 1.2 -->
	<msg id='4' source='tcet'>
		<type>LOAD_MODULE</type>
		<severity>INFO</severity>
		<timestamp>Wed Oct 27 10:35:07 2021</timestamp>
		<arg name='module'>/lib64/ld-linux-x86-64.so.2</arg>
		<arg name='basement'>0x7fec438f6000</arg>
		<arg name='ceiling'>0x7fec4392518f</arg>
		<arg name='id'>2</arg>
	</msg>
	<msg id='5' source='tcet'>
		<type>LOAD_MODULE</type>
		<severity>INFO</severity>
		<timestamp>Wed Oct 27 10:35:07 2021</timestamp>
		<arg name='module'>[vdso]</arg>
		<arg name='basement'>0x7ffcc59ec000</arg>
		<arg name='ceiling'>0x7ffcc59ecfde</arg>
		<arg name='id'>3</arg>
	</msg>
	<msg id='6' source='tcet'>
		<type>LOAD_MODULE</type>
		<severity>INFO</severity>
		<timestamp>Wed Oct 27 10:35:07 2021</timestamp>
		<arg name='module'>/opt/intel/oneapi/compiler/2021.4.0/linux/compiler/lib/intel64_lin/libiomp5.so</arg>
		<arg name='basement'>0x7fec2ae61000</arg>
		<arg name='ceiling'>0x7fec2b28007f</arg>
		<arg name='id'>4</arg>
	</msg>
	<msg id='7' source='tcet'>
		<type>LOAD_MODULE</type>
		<severity>INFO</severity>
		<timestamp>Wed Oct 27 10:35:07 2021</timestamp>
		<arg name='module'>/lib/x86_64-linux-gnu/libpthread.so.0</arg>
		<arg name='basement'>0x7fec2ad4b000</arg>
		<arg name='ceiling'>0x7fec2ad6d477</arg>
		<arg name='id'>5</arg>
	</msg>
	<msg id='8' source='tcet'>
		<type>LOAD_MODULE</type>
		<severity>INFO</severity>
		<timestamp>Wed Oct 27 10:35:07 2021</timestamp>
		<arg name='module'>/lib/x86_64-linux-gnu/libdl.so.2</arg>
		<arg name='basement'>0x7fec2ad74000</arg>
		<arg name='ceiling'>0x7fec2ad7910f</arg>
		<arg name='id'>6</arg>
	</msg>
	<msg id='9' source='tcet'>
		<type>LOAD_MODULE</type>
		<severity>INFO</severity>
		<timestamp>Wed Oct 27 10:35:07 2021</timestamp>
		<arg name='module'>/lib/x86_64-linux-gnu/libstdc++.so.6</arg>
		<arg name='basement'>0x7fec2ab48000</arg>
		<arg name='ceiling'>0x7fec2ad297ff</arg>
		<arg name='id'>7</arg>
	</msg>
	<msg id='10' source='tcet'>
		<type>LOAD_MODULE</type>
		<severity>INFO</severity>
		<timestamp>Wed Oct 27 10:35:07 2021</timestamp>
		<arg name='module'>/lib/x86_64-linux-gnu/libc.so.6</arg>
		<arg name='basement'>0x7fec2a956000</arg>
		<arg name='ceiling'>0x7fec2ab474d7</arg>
		<arg name='id'>8</arg>
	</msg>
	<msg id='11' source='tcet'>
		<type>LOAD_MODULE</type>
		<severity>INFO</severity>
		<timestamp>Wed Oct 27 10:35:07 2021</timestamp>
		<arg name='module'>/lib/x86_64-linux-gnu/librt.so.1</arg>
		<arg name='basement'>0x7fec2a933000</arg>
		<arg name='ceiling'>0x7fec2a93dbdf</arg>
		<arg name='id'>9</arg>
	</msg>
	<msg id='12' source='tcet'>
		<type>LOAD_MODULE</type>
		<severity>INFO</severity>
		<timestamp>Wed Oct 27 10:35:07 2021</timestamp>
		<arg name='module'>/lib/x86_64-linux-gnu/libgcc_s.so.1</arg>
		<arg name='basement'>0x7fec2a910000</arg>
		<arg name='ceiling'>0x7fec2a92a447</arg>
		<arg name='id'>10</arg>
	</msg>
	<msg id='13' source='tcet'>
		<type>LOAD_MODULE</type>
		<severity>INFO</severity>
		<timestamp>Wed Oct 27 10:35:08 2021</timestamp>
		<arg name='module'>/lib/x86_64-linux-gnu/libm.so.6</arg>
		<arg name='basement'>0x7fec2a7a9000</arg>
		<arg name='ceiling'>0x7fec2a8f710f</arg>
		<arg name='id'>11</arg>
	</msg>
	<msg id='14' source='tcet'>
		<type>LOAD_MODULE</type>
		<severity>INFO</severity>
		<timestamp>Wed Oct 27 10:35:09 2021</timestamp>
		<arg name='module'>/opt/intel/oneapi/advisor/2021.4.0/lib64/runtime/libittnotify.so</arg>
		<arg name='basement'>0x7fec26cfc000</arg>
		<arg name='ceiling'>0x7fec26f0865f</arg>
		<arg name='id'>12</arg>
	</msg>
	<msg id='15' source='tcet'>
		<type>LOAD_MODULE</type>
		<severity>INFO</severity>
		<timestamp>Wed Oct 27 10:35:09 2021</timestamp>
		<arg name='module'>/opt/intel/oneapi/advisor/2021.4.0/lib64/libpinjitprofiling.so</arg>
		<arg name='basement'>0x7fec269de000</arg>
		<arg name='ceiling'>0x7fec26bdf00f</arg>
		<arg name='id'>13</arg>
	</msg>
	<msg id='16' source='tcet'>
		<type>UNLOAD_MODULE</type>
		<severity>INFO</severity>
		<timestamp>Wed Oct 27 10:35:11 2021</timestamp>
		<arg name='module'>/home/thanasis/rooflineCheck/1_mmult_serial</arg>
		<arg name='id'>1</arg>
	</msg>
	<msg id='17' source='tcet'>
		<type>UNLOAD_MODULE</type>
		<severity>INFO</severity>
		<timestamp>Wed Oct 27 10:35:11 2021</timestamp>
		<arg name='module'>/lib64/ld-linux-x86-64.so.2</arg>
		<arg name='id'>2</arg>
	</msg>
	<msg id='18' source='tcet'>
		<type>UNLOAD_MODULE</type>
		<severity>INFO</severity>
		<timestamp>Wed Oct 27 10:35:11 2021</timestamp>
		<arg name='module'>[vdso]</arg>
		<arg name='id'>3</arg>
	</msg>
	<msg id='19' source='tcet'>
		<type>UNLOAD_MODULE</type>
		<severity>INFO</severity>
		<timestamp>Wed Oct 27 10:35:11 2021</timestamp>
		<arg name='module'>/opt/intel/oneapi/compiler/2021.4.0/linux/compiler/lib/intel64_lin/libiomp5.so</arg>
		<arg name='id'>4</arg>
	</msg>
	<msg id='20' source='tcet'>
		<type>UNLOAD_MODULE</type>
		<severity>INFO</severity>
		<timestamp>Wed Oct 27 10:35:11 2021</timestamp>
		<arg name='module'>/lib/x86_64-linux-gnu/libpthread.so.0</arg>
		<arg name='id'>5</arg>
	</msg>
	<msg id='21' source='tcet'>
		<type>UNLOAD_MODULE</type>
		<severity>INFO</severity>
		<timestamp>Wed Oct 27 10:35:11 2021</timestamp>
		<arg name='module'>/lib/x86_64-linux-gnu/libdl.so.2</arg>
		<arg name='id'>6</arg>
	</msg>
	<msg id='22' source='tcet'>
		<type>UNLOAD_MODULE</type>
		<severity>INFO</severity>
		<timestamp>Wed Oct 27 10:35:11 2021</timestamp>
		<arg name='module'>/lib/x86_64-linux-gnu/libstdc++.so.6</arg>
		<arg name='id'>7</arg>
	</msg>
	<msg id='23' source='tcet'>
		<type>UNLOAD_MODULE</type>
		<severity>INFO</severity>
		<timestamp>Wed Oct 27 10:35:11 2021</timestamp>
		<arg name='module'>/lib/x86_64-linux-gnu/libc.so.6</arg>
		<arg name='id'>8</arg>
	</msg>
	<msg id='24' source='tcet'>
		<type>UNLOAD_MODULE</type>
		<severity>INFO</severity>
		<timestamp>Wed Oct 27 10:35:11 2021</timestamp>
		<arg name='module'>/lib/x86_64-linux-gnu/librt.so.1</arg>
		<arg name='id'>9</arg>
	</msg>
	<msg id='25' source='tcet'>
		<type>UNLOAD_MODULE</type>
		<severity>INFO</severity>
		<timestamp>Wed Oct 27 10:35:11 2021</timestamp>
		<arg name='module'>/lib/x86_64-linux-gnu/libgcc_s.so.1</arg>
		<arg name='id'>10</arg>
	</msg>
	<msg id='26' source='tcet'>
		<type>UNLOAD_MODULE</type>
		<severity>INFO</severity>
		<timestamp>Wed Oct 27 10:35:11 2021</timestamp>
		<arg name='module'>/lib/x86_64-linux-gnu/libm.so.6</arg>
		<arg name='id'>11</arg>
	</msg>
	<msg id='27' source='tcet'>
		<type>UNLOAD_MODULE</type>
		<severity>INFO</severity>
		<timestamp>Wed Oct 27 10:35:11 2021</timestamp>
		<arg name='module'>/opt/intel/oneapi/advisor/2021.4.0/lib64/runtime/libittnotify.so</arg>
		<arg name='id'>12</arg>
	</msg>
	<msg id='28' source='tcet'>
		<type>UNLOAD_MODULE</type>
		<severity>INFO</severity>
		<timestamp>Wed Oct 27 10:35:11 2021</timestamp>
		<arg name='module'>/opt/intel/oneapi/advisor/2021.4.0/lib64/libpinjitprofiling.so</arg>
		<arg name='id'>13</arg>
	</msg>
	<msg id='29' source='tcet'>
		<type>PROCESS_TERMINATE</type>
		<severity>INFO</severity>
		<timestamp>Wed Oct 27 10:35:11 2021</timestamp>
		<arg name='process'>/home/thanasis/rooflineCheck/1_mmult_serial</arg>
		<arg name='pid'>34502</arg>
	</msg>
	<msg id='30' source='map'>
		<type>NO_ANNOTATIONS</type>
		<severity>WARNING</severity>
		<timestamp>Wed Oct 27 10:35:11 2021</timestamp>
	</msg>
	<msg id='31' display='false' source='map'>
		<type>ANALYSIS_COMPLETE</type>
		<severity>INFO</severity>
		<timestamp>Wed Oct 27 10:35:11 2021</timestamp>
	</msg>
	<msg id='32' display='false' source='map'>
		<type>STOP</type>
		<severity>INFO</severity>
		<timestamp>Wed Oct 27 10:35:11 2021</timestamp>
	</msg>
</log>