8 [139976277264192] INFO perfrun.launcher <> - Launcher main begin
9 [139976277264192] INFO perfrun.launcher <> - MessageCatalogInit finished
9 [139976277264192] INFO perfrun.launcher <> - Launcher instance created
9 [139976277264192] INFO perfrun.launcher <> - argc = 7; cmdline = /opt/intel/advisor_2019.5.0.602216/bin64/advixe-runss --ui-output-format xml --ui-output-fd 60 --option-file /home/thanasis/rooflineCheck/mul2/e000/hs000/config/runss.options 
15 [139976277264192] INFO perfrun.launcher <> - plugin remoteplug has been added successfully
15 [139976277264192] INFO perfrun.launcher <> - plugin system has been added successfully
15 [139976277264192] INFO perfrun.launcher <> - plugin  has been added successfully
15 [139976277264192] INFO perfrun.launcher <> - plugin  has been added successfully
15 [139976277264192] INFO perfrun.launcher <> - plugin  has been added successfully
15 [139976277264192] INFO perfrun.launcher <> - plugin  has been added successfully
15 [139976277264192] INFO perfrun.launcher <> - plugin  has been added successfully
15 [139976277264192] INFO perfrun.launcher <> - plugin  has been added successfully
15 [139976277264192] INFO perfrun.launcher <> - plugin mrte has been added successfully
15 [139976277264192] INFO perfrun.launcher <> - plugin  has been added successfully
15 [139976277264192] INFO perfrun.launcher <> - plugin  has been added successfully
15 [139976277264192] INFO perfrun.launcher <> - plugin  has been added successfully
16 [139976277264192] INFO perfrun.launcher <> - plugin  has been added successfully
16 [139976277264192] INFO perfrun.launcher <> - plugin  has been added successfully
16 [139976277264192] INFO perfrun.launcher <> - plugin  has been added successfully
16 [139976277264192] INFO perfrun.launcher <> - plugin tpss has been added successfully
16 [139976277264192] INFO perfrun.launcher <> - plugin  has been added successfully
16 [139976277264192] INFO perfrun.launcher <> - plugin  has been added successfully
16 [139976277264192] INFO perfrun.launcher <> - plugin  has been added successfully
16 [139976277264192] INFO perfrun.launcher <> - plugin  has been added successfully
16 [139976277264192] INFO perfrun.launcher <> - plugin  has been added successfully
16 [139976277264192] INFO perfrun.launcher <> - plugin  has been added successfully
16 [139976277264192] INFO perfrun.launcher <> - plugin  has been added successfully
16 [139976277264192] INFO perfrun.launcher <> - the option was added --interval: Specify an interval of data collection (for example, sampling) in milliseconds.
16 [139976277264192] INFO perfrun.launcher <> - the option was added --follow-child: Profile process with or without children.
16 [139976277264192] INFO perfrun.launcher <> - the option was added --gelding: BADMSG: perfrun1.launcher.plugin_manager::gelding
16 [139976277264192] INFO perfrun.launcher <> - the option was added --time-source: Specify time source for measurement. Possible values: sys - wall clock time; tsc - time stamp counter; ext - time from an external source; auto - auto select accurate time source.
16 [139976277264192] INFO perfrun.launcher <> - the option was added --stack: Enable or disable collection of stacks.
16 [139976277264192] INFO perfrun.launcher <> - the option was added --stack-stitching: Enable or disable the stack stitching algorithm for Intel TBB-based applications.
16 [139976277264192] INFO perfrun.launcher <> - the option was added --type: Specify type of data to be collected. For example, --type cpu:counters,waiting:nostack,io.
16 [139976277264192] INFO perfrun.launcher <> - the option was added --mrte-mode: Specify Java/.NET/other managed runtime collection mode. Possible values: native - collect information only for native code; managed - collect information only for managed code; mixed - collect information for both managed and native code; auto - choose the mode based on binary type.
16 [139976277264192] INFO perfrun.launcher <> - the option was added --mrte-mode-list: List supported Java/.NET/other managed runtime collection modes.
16 [139976277264192] INFO perfrun.launcher <> - the option was added --mrte-type: Specify which managed runtimes to collect. Possible values: java - collect information for Java; dotnet - collect information for .NET; python - collect information for CPython. You can specify several values separated by comma.
16 [139976277264192] INFO perfrun.launcher <> - the option was added --mrte-type-list: List supported Java/.NET/other managed runtime types.
16 [139976277264192] INFO perfrun.launcher <> - the option was added --trace-strategy: Specify how to profile a process tree. <string> can be "<process>:trace:notrace" - profile the process but do not profile its children. Shorthand parameters: t - trace, nt - notrace. For example, "vtunedemo.exe:t:t".
16 [139976277264192] INFO perfrun.launcher <> - the option was added --collector: BADMSG: perfrun1.launcher.plugin_manager::collector
16 [139976277264192] INFO perfrun.launcher <> - the option was added --system-wide: Enable system-wide profiling. This mode may require additional permissions.
16 [139976277264192] INFO perfrun.launcher <> - the option was added --kvm-guest: Enable KVM guest OS profiling.
16 [139976277264192] INFO perfrun.launcher <> - the option was added --kvm-guest-kallsyms: Specify a local path to the /proc/kallsyms file copied from the guest OS for proper symbol resolution.
16 [139976277264192] INFO perfrun.launcher <> - the option was added --kvm-guest-modules: Specify a local path to the /proc/modules file copied from the guest OS for proper symbol resolution.
16 [139976277264192] INFO perfrun.launcher <> - the option was added --dump-vdso: Dump [vdso] to result directory
16 [139976277264192] INFO perfrun.launcher <> - the option was added --bandwidth-limits: Measure bandwidth limits
16 [139976277264192] INFO perfrun.launcher <> - the option was added --bandwidth-strategy: Bandwidth limits determination specific properties (example: --bandwidth-strategy array-size=0,duration=500).
16 [139976277264192] INFO perfrun.launcher <> - the option was added --bandwidth-config: List of benchmarks to run.
17 [139976277264192] INFO perfrun.launcher <> - the option was added --system-collector-config: Specify subcollectors. Possible values: all, vdso, container, device-info, none.
17 [139976277264192] INFO perfrun.launcher <> - the option was added --stackwalk: Specify stack unwinding method. Possible values: online - unwind stacks during collection; offline - unwind stacks after collection is finished.
17 [139976277264192] INFO perfrun.launcher <> - the option was added --filter-include: Filter data during collection. Possible values: contended=<on|off> - filter out uncontended events; contended_nostack=<time> - filter out stacks for contended events that take less than <time> microseconds; wait=<time> - ignore transitions and blocks with wait time less than <time> microseconds; wait_nostack=<time> - filter out stacks for waits that take less than <time> microseconds.
17 [139976277264192] INFO perfrun.launcher <> - the option was added --debug-pin: Debug PIN tool and runtime.
17 [139976277264192] INFO perfrun.launcher <> - the option was added --debug-exception: Disallow the application to set own abnormal termination handler.
17 [139976277264192] INFO perfrun.launcher <> - the option was added --trace-type: Specify the trace file granularity. Possible values: per-thread - per-thread trace file generation; per-process - per-process trace file generation.
17 [139976277264192] INFO perfrun.launcher <> - the option was added --instrumentation-type: Specify type of instrumentation.
17 [139976277264192] INFO perfrun.launcher <> - the option was added --altstack: Enable or disable usage of altstacks for profiling signal handlers.
17 [139976277264192] INFO perfrun.launcher <> - the option was added --profiling-signal: Alternate profiling signal.
17 [139976277264192] INFO perfrun.launcher <> - the option was added --memory-strategy: Specify a minimal memory object size to be traced and a hash table size for faster objects search; for example: --memory-strategy obj-size-min=1024,hash-table-size=4096.
17 [139976277264192] INFO perfrun.launcher <> - the option was added --opencl-trace-mode: Specify OpenCL kernel tracing modes: 'default' to trace OpenCL kernels for Intel Graphics Driver only; 'epoch' for any non-Intel graphics, where OpenCL kernels will be traced and OpenCL profiling API timestamps will be interpreted as Unux Epoch time in nanoseconds; 'completion' to trace OpenCL kernels for any Graphics Driver and bind OpenCL profiling API timestamps to the timestamp of OpenCL completion callback.
17 [139976277264192] INFO perfrun.launcher <> - create msngr2::ICliToolContext
18 [139976277264192] INFO perfrun.launcher <> - create file finder object
18 [139976277264192] INFO perfrun.launcher <> - create a result directory: pattern = /home/thanasis/rooflineCheck/mul2/e000/hs000 pid = 4294967295
19 [139976277264192] INFO perfrun.sdk <> - checked that the directory /home/thanasis/rooflineCheck/mul2/e000/hs000 is a local directory
19 [139976277264192] INFO perfrun.sdk <> - the directory /home/thanasis/rooflineCheck/mul2/e000/hs000 is a local directory with FS type ID 61267
19 [139976277264192] INFO perfrun.launcher <> - create data directory = /home/thanasis/rooflineCheck/mul2/e000/hs000/data.0
19 [139976277264192] INFO perfrun.launcher <> - Creating the master collection flag
56 [139976277264192] INFO perfrun.launcher <> - Done creating the master collection flag
56 [139976268027648] INFO perfrun.launcher <> - plugin [remoteplug] was disabled because it doesn't support the given collection type.
57 [139976268027648] INFO perfrun.sdk <> - Allocating TMU :/home/thanasis/rooflineCheck/mul2/e000/hs000/data.0/systemcollector-156131-feta.sc
57 [139976268027648] INFO perfrun.launcher <> - plugin [] was disabled because it doesn't support the given collection type.
57 [139976268027648] INFO perfrun.launcher <> - plugin [] was disabled because it doesn't support the given collection type.
57 [139976268027648] INFO perfrun.launcher <> - plugin [] was disabled because it doesn't support the given collection type.
57 [139976268027648] INFO perfrun.launcher <> - plugin [] was disabled because it doesn't support the given collection type.
57 [139976268027648] INFO perfrun.launcher <> - plugin [] was disabled because it doesn't support the given collection type.
57 [139976268027648] INFO perfrun.launcher <> - plugin [] was disabled because it doesn't support the given collection type.
57 [139976268027648] INFO perfrun.launcher <> - plugin [mrte] was disabled because it doesn't support the given collection type.
57 [139976268027648] INFO perfrun.launcher <> - plugin [] was disabled because it doesn't support the given collection type.
57 [139976268027648] INFO perfrun.launcher <> - plugin [] was disabled because it doesn't support the given collection type.
57 [139976268027648] INFO perfrun.launcher <> - plugin [] was disabled because it doesn't support the given collection type.
57 [139976268027648] INFO perfrun.launcher <> - plugin [] was disabled because it doesn't support the given collection type.
57 [139976268027648] INFO perfrun.launcher <> - plugin [] was disabled because it doesn't support the given collection type.
57 [139976268027648] INFO perfrun.launcher <> - plugin [] was disabled because it doesn't support the given collection type.
57 [139976268027648] INFO perfrun.tpss <> - initialize tpss controller
57 [139976268027648] INFO perfrun.tpss <> - configure collection mode: value = cpu:stack
57 [139976268027648] INFO perfrun.tpss <> - default obj-size-min=1024
57 [139976268027648] INFO perfrun.tpss <> - default hash-table-size=0
57 [139976268027648] INFO perfrun.launcher <> - plugin [] was disabled because it doesn't support the given collection type.
57 [139976268027648] INFO perfrun.launcher <> - plugin [] was disabled because it doesn't support the given collection type.
57 [139976268027648] INFO perfrun.launcher <> - plugin [] was disabled because it doesn't support the given collection type.
57 [139976268027648] INFO perfrun.launcher <> - plugin [] was disabled because it doesn't support the given collection type.
57 [139976268027648] INFO perfrun.launcher <> - plugin [] was disabled because it doesn't support the given collection type.
57 [139976268027648] INFO perfrun.launcher <> - plugin [] was disabled because it doesn't support the given collection type.
57 [139976268027648] INFO perfrun.launcher <> - plugin [] was disabled because it doesn't support the given collection type.
57 [139976277264192] INFO perfrun.launcher <> - RpcServer: run RPC server to handle requests
57 [139976277264192] INFO perfrun.launcher <> - Launcher: command line to start before modification = /home/thanasis/rooflineCheck/1_mmult_serial 500
57 [139976277264192] INFO perfrun.launcher <> - Launcher: command line to start after modification = /opt/intel/advisor_2019.5.0.602216/bin64/pin -error_file /home/thanasis/rooflineCheck/mul2/e000/hs000/data.0/pinerr.tpsslog -detach_reattach -follow_execv -tool_load_option deepbind -t64 /opt/intel/advisor_2019.5.0.602216/lib64/libtpsstool.so -t /opt/intel/advisor_2019.5.0.602216/lib32/libtpsstool.so -server_name tpss_ipc.156131 -prd_dir /opt/intel/advisor_2019.5.0.602216 -- /home/thanasis/rooflineCheck/1_mmult_serial 500
58 [139976277264192] INFO perfrun.launcher <> - ProcessCreator object was created
58 [139976277264192] INFO perfrun.launcher <> - Launcher: the process was started in suspend mode
98 [139976268027648] INFO perfrun.system <> - Helper runtool '/opt/intel/advisor_2019.5.0.602216/bin32/advixe-runss -dump-vdso -r /home/thanasis/rooflineCheck/mul2/e000/hs000 --tmp-dir /tmp/advixe-tmp-thanasis' returned 0
129 [139976268027648] INFO perfrun.system <> - Helper runtool '/opt/intel/advisor_2019.5.0.602216/bin64/advixe-runss -dump-vdso -r /home/thanasis/rooflineCheck/mul2/e000/hs000 --tmp-dir /tmp/advixe-tmp-thanasis' returned 0
130 [139976268027648] INFO perfrun.system <> - OpenCL gpu adapter vendor Id 4318
130 [139976268027648] WARN perfrun.system <> - Could not do anything with /sys/kernel/debug/kvm: boost::filesystem::status: Permission denied: "/sys/kernel/debug/kvm", at file: vcs/perfrun1/plugins/system/src/trace_writer.cpp:749
130 [139976268027648] WARN perfrun.system <> - Folder "/var/run/libvirt/qemu/"doesn't exist, at file: vcs/perfrun1/plugins/system/src/trace_writer.cpp:762
130 [139976268027648] WARN perfrun.sdk <> - Failed to find xl binary on any of the system paths: /bin, /sbin, /usr/bin, /usr/sbin., at file: vcs/perfrun1/sdk/src/utils.cpp:434
132 [139976268027648] INFO perfrun.tpss <> - start tpss controller for pid #156143
183 [139976277264192] INFO perfrun.launcher <> - Launcher: all plugins were started
183 [139976277264192] INFO perfrun.launcher <> - DirectoryMonitor object was created
183 [139976277264192] INFO perfrun.launcher <> - DirectoryMonitor: a callback was added
183 [139976277264192] INFO perfrun.launcher <> - DirectoryMonitor was started with pingTime = 1000
183 [139976277264192] INFO perfrun.launcher <> - DeadlineTimer is going to be constructed
183 [139976277264192] INFO perfrun.launcher <> - DeadlineTimer: a callback was added
204 [139976277264192] INFO perfrun.launcher <> - Launcher: resume the profiled application and  wait its termination or stop command
311832 [139976253470464] INFO perfrun.launcher <> - Stopping collection by RPC request
311835 [139976268027648] INFO perfrun.tpss <> - stop tpss controller
