10 [140222435843008] INFO perfrun.launcher <> - Launcher main begin
11 [140222435843008] INFO perfrun.launcher <> - MessageCatalogInit finished
11 [140222435843008] INFO perfrun.launcher <> - Launcher instance created
11 [140222435843008] INFO perfrun.launcher <> - argc = 6; cmdline = /opt/intel/oneapi/advisor/2021.4.0/bin64/advixe-runss --ui-output-format xml --ui-output-fd 74 --context-value-list 
61 [140222435843008] INFO perfrun.launcher <> - create msngr2::ICliToolContext
62 [140222435843008] INFO perfrun.launcher <> - create file finder object
80 [140222435843008] INFO perfrun.launcher <> - Put into the variant bag the context value: name = targetOS; value = Linux
81 [140222435843008] INFO perfrun.launcher <> - Put into the variant bag the context value: name = OS; value = Linux
81 [140222435843008] INFO perfrun.launcher <> - Put into the variant bag the context value: name = OSBuildNumber; value = 0
81 [140222435843008] INFO perfrun.launcher <> - Put into the variant bag the context value: name = OSBitness; value = 64
81 [140222435843008] INFO perfrun.launcher <> - Put into the variant bag the context value: name = RootPrivileges; value = false
81 [140222435843008] INFO perfrun.launcher <> - Put into the variant bag the context value: name = isPtraceScopeLimited; value = true
81 [140222435843008] INFO perfrun.launcher <> - Put into the variant bag the context value: name = isCATSupportedByCPU; value = false
81 [140222435843008] INFO perfrun.launcher <> - Put into the variant bag the context value: name = isL3MonitoringSupportedByCPU; value = false
81 [140222435843008] INFO perfrun.launcher <> - Put into the variant bag the context value: name = isTSXAvailable; value = true
81 [140222435843008] INFO perfrun.launcher <> - Put into the variant bag the context value: name = isPTAvailable; value = true
81 [140222435843008] INFO perfrun.launcher <> - Put into the variant bag the context value: name = isHTEnabled; value = false
81 [140222435843008] INFO perfrun.launcher <> - Put into the variant bag the context value: name = fpgaOnBoard; value = None
81 [140222435843008] INFO perfrun.launcher <> - Put into the variant bag the context value: name = omniPathOnBoard; value = None
81 [140222435843008] INFO perfrun.launcher <> - Put into the variant bag the context value: name = genArchOnBoard; value = 0
81 [140222435843008] INFO perfrun.launcher <> - Put into the variant bag the context value: name = pciClassParts; value = 
81 [140222435843008] INFO perfrun.launcher <> - Put into the variant bag the context value: name = tidValuesForIO; value = 
81 [140222435843008] INFO perfrun.launcher <> - Put into the variant bag the context value: name = populatedIoParts; value = 
81 [140222435843008] INFO perfrun.launcher <> - Put into the variant bag the context value: name = populatedIoUnits; value = 
81 [140222435843008] INFO perfrun.launcher <> - Put into the variant bag the context value: name = populatedTidValuesForIO; value = 
81 [140222435843008] INFO perfrun.launcher <> - Put into the variant bag the context value: name = isSGXAvailable; value = true
81 [140222435843008] INFO perfrun.launcher <> - Put into the variant bag the context value: name = LinuxRelease; value = 5.11.0-38-generic
81 [140222435843008] INFO perfrun.launcher <> - Put into the variant bag the context value: name = is3DXPPresent; value = false
81 [140222435843008] INFO perfrun.launcher <> - Put into the variant bag the context value: name = is3DXP2LMMode; value = false
81 [140222435843008] INFO perfrun.launcher <> - Put into the variant bag the context value: name = is3DXPAppDirectMode; value = false
81 [140222435843008] INFO perfrun.launcher <> - Put into the variant bag the context value: name = IsNUMANodeWithoutCPUsPresent; value = false
81 [140222435843008] INFO perfrun.launcher <> - Put into the variant bag the context value: name = Hypervisor; value = None
81 [140222435843008] INFO perfrun.launcher <> - Put into the variant bag the context value: name = PerfmonVersion; value = 4
82 [140222435843008] INFO perfrun.launcher <> - Put into the variant bag the context value: name = isMaxDRAMBandwidthMeasurementSupported; value = false
82 [140222435843008] INFO perfrun.launcher <> - Put into the variant bag the context value: name = preferedGpuAdapter; value = none
82 [140222435843008] INFO perfrun.launcher <> - Put into the variant bag the context value: name = i915Status; value = MissingDriver
82 [140222435843008] INFO perfrun.launcher <> - Put into the variant bag the context value: name = isTPSSAvailable; value = true
82 [140222435843008] INFO perfrun.launcher <> - Put into the variant bag the context value: name = isPytraceAvailable; value = true
82 [140222435843008] INFO perfrun.launcher <> - Put into the variant bag the context value: name = forceShowInlines; value = false
82 [140222435843008] INFO perfrun.launcher <> - Application exit code: 0
82 [140222435843008] INFO perfrun.launcher <> - Exit code: 0
