Collection status has changed. 1
Collection has been started.
Collection has stopped. Application exit code:  0
Finalizing results
Finalizing the result
Clearing the database
The database has been cleared, elapsed time is 0.340 seconds.
Loading raw data to the database
Loading 'systemcollector-34259-feta.sc' file
Loading '34259-34271.0.trace' file
Loading 'userapicollector-34271-762c7c96.trace' file
Updating precomputed scalar metrics
Raw data has been loaded to the database, elapsed time is 0.141 seconds.
Processing profile metrics and debug information
Data transformations have been finished, elapsed time is 0.002 seconds.
Setting data model parameters
Resolving module symbols
Resolving information for `libpthread.so.0'
Resolving information for `libc.so.6'
Resolving information for `1_mmult_serial'
Resolving information for `libtpsstool.so'
Resolving information for `libiomp5.so'
Warning: Cannot locate debugging information for file `/opt/intel/oneapi/compiler/2021.4.0/linux/compiler/lib/intel64_lin/libiomp5.so'.
Warning: Cannot locate debugging information for file `/opt/intel/oneapi/advisor/2021.4.0/lib64/libtpsstool.so'.
Resolving information for dangling locations
Resolving information for `libittnotify_collector.so'
Warning: Cannot locate debugging information for file `/opt/intel/oneapi/advisor/2021.4.0/lib64/runtime/libittnotify_collector.so'.
Resolving bottom user stack information
Resolving thread name information
Resolving call target names for dynamic code
Symbol resolution has been finished, elapsed time is 0.420 seconds.
Processing profile metrics and debug information
Deferred data transformations have been finished, elapsed time is 0.005 seconds.
Setting data model parameters
Data model parameters have been set, elapsed time is 0.017 seconds.
Precomputing frequently used data
Precomputing frequently used data
Updating precomputed scalar metrics
Precomputing frequently used data has been finished, elapsed time is 0.024 seconds.
Discarding redundant overtime data
Saving the result
Redundant overtime data has been discarded, elapsed time is 0.001 seconds.
Raw collector data has been discarded, elapsed time is 0.000 seconds.
Finalizing the result took 0.988 seconds.
Preparing data for display of survey call tree
Resolving module symbols
Resolving bottom user stack information
Resolving thread name information
Resolving call target names for dynamic code
Precomputing frequently used data
