
34271 : 0xda0476351f8c : 1 : spill_jit_data :  Jit agent is not initialized
34271 : 0xda04763be5f0 : 2 : ittapi_config_mask_get :  --itt-config mask to be applied: 183
34271 : 0xda04763c31f1 : 2 : ittapi_config_apply_per_lib :  ITTAPI function instrumented: __itt_domain_create
34271 : 0xda04763c4739 : 2 : ittapi_config_apply_per_lib :  ITTAPI function instrumented: __itt_module_load_with_sections
34271 : 0xda04763c656a : 2 : ittapi_config_apply_per_lib :  ITTAPI function not implemented: __itt_module_unload_with_sections
34271 : 0xda04763c84c2 : 2 : ittapi_config_apply_per_lib :  ITTAPI function instrumented: __itt_string_handle_create
34271 : 0xda04763c9405 : 2 : ittapi_config_apply_per_lib :  ITTAPI function instrumented: __itt_counter_create
34271 : 0xda04763ca13b : 2 : ittapi_config_apply_per_lib :  ITTAPI function instrumented: __itt_counter_create_typed
34271 : 0xda04763cb1e7 : 2 : ittapi_config_apply_per_lib :  ITTAPI function instrumented: __itt_pause
34271 : 0xda04763cbf95 : 2 : ittapi_config_apply_per_lib :  ITTAPI function instrumented: __itt_resume
34271 : 0xda04763eb963 : 2 : ittapi_config_apply_per_lib :  ITTAPI function instrumented: __itt_thread_set_name
34271 : 0xda04763ecd04 : 2 : ittapi_config_apply_per_lib :  ITTAPI function instrumented: __itt_thread_ignore
34271 : 0xda04763edb58 : 2 : ittapi_config_apply_per_lib :  ITTAPI function instrumented: __itt_thr_name_set
34271 : 0xda04763ee85b : 2 : ittapi_config_apply_per_lib :  ITTAPI function instrumented: __itt_thr_ignore
34271 : 0xda04763eff82 : 2 : ittapi_config_apply_per_lib :  ITTAPI function not implemented: __itt_enable_attach
34271 : 0xda04763f0e66 : 2 : ittapi_config_apply_per_lib :  ITTAPI function instrumented: __itt_detach
34271 : 0xda04763f19dc : 2 : ittapi_config_apply_per_lib :  ITTAPI function NOT instrumented (not matched by --itt-config option): __itt_sync_create

34271 : 0xda04763f2697 : 2 : ittapi_config_apply_per_lib :  ITTAPI function NOT instrumented (not matched by --itt-config option): __itt_sync_rename

34271 : 0xda04763f319e : 2 : ittapi_config_apply_per_lib :  ITTAPI function NOT instrumented (not matched by --itt-config option): __itt_sync_destroy

34271 : 0xda04763f3dad : 2 : ittapi_config_apply_per_lib :  ITTAPI function NOT instrumented (not matched by --itt-config option): __itt_sync_prepare

34271 : 0xda04763f98e7 : 2 : ittapi_config_apply_per_lib :  ITTAPI function NOT instrumented (not matched by --itt-config option): __itt_sync_cancel

34271 : 0xda04763fa563 : 2 : ittapi_config_apply_per_lib :  ITTAPI function NOT instrumented (not matched by --itt-config option): __itt_sync_acquired

34271 : 0xda04763faf9f : 2 : ittapi_config_apply_per_lib :  ITTAPI function NOT instrumented (not matched by --itt-config option): __itt_sync_releasing

34271 : 0xda04763fc151 : 2 : ittapi_config_apply_per_lib :  ITTAPI function not implemented: __itt_suppress_push
34271 : 0xda04763fd49c : 2 : ittapi_config_apply_per_lib :  ITTAPI function not implemented: __itt_suppress_pop
34271 : 0xda04763fe3d3 : 2 : ittapi_config_apply_per_lib :  ITTAPI function not implemented: __itt_suppress_mark_range
34271 : 0xda04763ff3b8 : 2 : ittapi_config_apply_per_lib :  ITTAPI function not implemented: __itt_suppress_clear_range
34271 : 0xda04763ffe4e : 2 : ittapi_config_apply_per_lib :  ITTAPI function NOT instrumented (not matched by --itt-config option): __itt_sync_prepare

34271 : 0xda047640089e : 2 : ittapi_config_apply_per_lib :  ITTAPI function NOT instrumented (not matched by --itt-config option): __itt_sync_cancel

34271 : 0xda04764012b7 : 2 : ittapi_config_apply_per_lib :  ITTAPI function NOT instrumented (not matched by --itt-config option): __itt_sync_acquired

34271 : 0xda04764058ce : 2 : ittapi_config_apply_per_lib :  ITTAPI function NOT instrumented (not matched by --itt-config option): __itt_sync_releasing

34271 : 0xda04764068e1 : 2 : ittapi_config_apply_per_lib :  ITTAPI function instrumented: __itt_model_site_begin
34271 : 0xda04764076ce : 2 : ittapi_config_apply_per_lib :  ITTAPI function instrumented: __itt_model_site_end
34271 : 0xda0476408422 : 2 : ittapi_config_apply_per_lib :  ITTAPI function instrumented: __itt_model_task_begin
34271 : 0xda047640907e : 2 : ittapi_config_apply_per_lib :  ITTAPI function instrumented: __itt_model_task_end
34271 : 0xda0476409d7b : 2 : ittapi_config_apply_per_lib :  ITTAPI function instrumented: __itt_model_lock_acquire
34271 : 0xda047640abf4 : 2 : ittapi_config_apply_per_lib :  ITTAPI function instrumented: __itt_model_lock_release
34271 : 0xda047640ba74 : 2 : ittapi_config_apply_per_lib :  ITTAPI function not implemented: __itt_model_record_allocation
34271 : 0xda047640c81b : 2 : ittapi_config_apply_per_lib :  ITTAPI function not implemented: __itt_model_record_deallocation
34271 : 0xda047640d542 : 2 : ittapi_config_apply_per_lib :  ITTAPI function not implemented: __itt_model_induction_uses
34271 : 0xda0476414bac : 2 : ittapi_config_apply_per_lib :  ITTAPI function not implemented: __itt_model_reduction_uses
34271 : 0xda0476415ba1 : 2 : ittapi_config_apply_per_lib :  ITTAPI function not implemented: __itt_model_observe_uses
34271 : 0xda0476416c55 : 2 : ittapi_config_apply_per_lib :  ITTAPI function not implemented: __itt_model_clear_uses
34271 : 0xda0476417aa8 : 2 : ittapi_config_apply_per_lib :  ITTAPI function instrumented: __itt_model_site_beginA
34271 : 0xda04764187e0 : 2 : ittapi_config_apply_per_lib :  ITTAPI function instrumented: __itt_model_site_beginAL
34271 : 0xda0476419545 : 2 : ittapi_config_apply_per_lib :  ITTAPI function instrumented: __itt_model_task_beginA
34271 : 0xda047641a32c : 2 : ittapi_config_apply_per_lib :  ITTAPI function instrumented: __itt_model_task_beginAL
34271 : 0xda047641b088 : 2 : ittapi_config_apply_per_lib :  ITTAPI function instrumented: __itt_model_iteration_taskA
34271 : 0xda047641bd36 : 2 : ittapi_config_apply_per_lib :  ITTAPI function instrumented: __itt_model_iteration_taskAL
34271 : 0xda047641c90f : 2 : ittapi_config_apply_per_lib :  ITTAPI function instrumented: __itt_model_site_end_2
34271 : 0xda0476421374 : 2 : ittapi_config_apply_per_lib :  ITTAPI function instrumented: __itt_model_task_end_2
34271 : 0xda047642207f : 2 : ittapi_config_apply_per_lib :  ITTAPI function instrumented: __itt_model_lock_acquire_2
34271 : 0xda0476422e9d : 2 : ittapi_config_apply_per_lib :  ITTAPI function instrumented: __itt_model_lock_release_2
34271 : 0xda0476423bac : 2 : ittapi_config_apply_per_lib :  ITTAPI function instrumented: __itt_model_aggregate_task
34271 : 0xda04764248a7 : 2 : ittapi_config_apply_per_lib :  ITTAPI function instrumented: __itt_model_disable_push
34271 : 0xda0476425465 : 2 : ittapi_config_apply_per_lib :  ITTAPI function instrumented: __itt_model_disable_pop
34271 : 0xda04764260d1 : 2 : ittapi_config_apply_per_lib :  ITTAPI function instrumented: __itt_heap_function_create
34271 : 0xda0476430819 : 2 : ittapi_config_apply_per_lib :  ITTAPI function instrumented: __itt_heap_allocate_begin
34271 : 0xda0476431457 : 2 : ittapi_config_apply_per_lib :  ITTAPI function instrumented: __itt_heap_allocate_end
34271 : 0xda0476432088 : 2 : ittapi_config_apply_per_lib :  ITTAPI function instrumented: __itt_heap_free_begin
34271 : 0xda0476436dc1 : 2 : ittapi_config_apply_per_lib :  ITTAPI function instrumented: __itt_heap_free_end
34271 : 0xda0476437b39 : 2 : ittapi_config_apply_per_lib :  ITTAPI function instrumented: __itt_heap_reallocate_begin
34271 : 0xda04764386f1 : 2 : ittapi_config_apply_per_lib :  ITTAPI function instrumented: __itt_heap_reallocate_end
34271 : 0xda047643954b : 2 : ittapi_config_apply_per_lib :  ITTAPI function not implemented: __itt_heap_internal_access_begin
34271 : 0xda047643a2f7 : 2 : ittapi_config_apply_per_lib :  ITTAPI function not implemented: __itt_heap_internal_access_end
34271 : 0xda047643b171 : 2 : ittapi_config_apply_per_lib :  ITTAPI function not implemented: __itt_heap_record_memory_growth_begin
34271 : 0xda047643bfdf : 2 : ittapi_config_apply_per_lib :  ITTAPI function not implemented: __itt_heap_record_memory_growth_end
34271 : 0xda047643cdca : 2 : ittapi_config_apply_per_lib :  ITTAPI function not implemented: __itt_heap_reset_detection
34271 : 0xda047643ddac : 2 : ittapi_config_apply_per_lib :  ITTAPI function not implemented: __itt_heap_record
34271 : 0xda047643ed1e : 2 : ittapi_config_apply_per_lib :  ITTAPI function not implemented: __itt_id_create
34271 : 0xda047644519b : 2 : ittapi_config_apply_per_lib :  ITTAPI function not implemented: __itt_id_destroy
34271 : 0xda0476445f4e : 2 : ittapi_config_apply_per_lib :  ITTAPI function instrumented: __itt_get_timestamp
34271 : 0xda0476446cba : 2 : ittapi_config_apply_per_lib :  ITTAPI function not implemented: __itt_region_begin
34271 : 0xda0476447a70 : 2 : ittapi_config_apply_per_lib :  ITTAPI function not implemented: __itt_region_end
34271 : 0xda0476448937 : 2 : ittapi_config_apply_per_lib :  ITTAPI function instrumented: __itt_frame_begin_v3
34271 : 0xda0476449825 : 2 : ittapi_config_apply_per_lib :  ITTAPI function instrumented: __itt_frame_end_v3
34271 : 0xda047644a51a : 2 : ittapi_config_apply_per_lib :  ITTAPI function instrumented: __itt_frame_submit_v3
34271 : 0xda047644b3b6 : 2 : ittapi_config_apply_per_lib :  ITTAPI function not implemented: __itt_task_group
34271 : 0xda047644c1c5 : 2 : ittapi_config_apply_per_lib :  ITTAPI function instrumented: __itt_task_begin
34271 : 0xda047644ceb6 : 2 : ittapi_config_apply_per_lib :  ITTAPI function instrumented: __itt_task_begin_fn
34271 : 0xda0476451750 : 2 : ittapi_config_apply_per_lib :  ITTAPI function instrumented: __itt_task_end
34271 : 0xda0476452693 : 2 : ittapi_config_apply_per_lib :  ITTAPI function not implemented: __itt_counter_inc_v3
34271 : 0xda047645368e : 2 : ittapi_config_apply_per_lib :  ITTAPI function not implemented: __itt_counter_inc_delta_v3
34271 : 0xda0476454441 : 2 : ittapi_config_apply_per_lib :  ITTAPI function not implemented: __itt_counter_dec_v3
34271 : 0xda04764551e7 : 2 : ittapi_config_apply_per_lib :  ITTAPI function not implemented: __itt_counter_dec_delta_v3
34271 : 0xda04764560a5 : 2 : ittapi_config_apply_per_lib :  ITTAPI function not implemented: __itt_marker
34271 : 0xda0476456d3f : 2 : ittapi_config_apply_per_lib :  ITTAPI function instrumented: __itt_metadata_add
34271 : 0xda0476457b6f : 2 : ittapi_config_apply_per_lib :  ITTAPI function not implemented: __itt_metadata_str_add
34271 : 0xda0476458850 : 2 : ittapi_config_apply_per_lib :  ITTAPI function not implemented: __itt_relation_add_to_current
34271 : 0xda0476459599 : 2 : ittapi_config_apply_per_lib :  ITTAPI function not implemented: __itt_relation_add
34271 : 0xda047645dc3b : 2 : ittapi_config_apply_per_lib :  ITTAPI function instrumented: __itt_event_create
34271 : 0xda047645eb3e : 2 : ittapi_config_apply_per_lib :  ITTAPI function instrumented: __itt_event_start
34271 : 0xda047645f873 : 2 : ittapi_config_apply_per_lib :  ITTAPI function instrumented: __itt_event_end
34271 : 0xda04764602ea : 2 : ittapi_config_apply_per_lib :  ITTAPI function NOT instrumented (not matched by --itt-config option): __itt_sync_set_name

34271 : 0xda0476460dae : 2 : ittapi_config_apply_per_lib :  ITTAPI function NOT instrumented (not matched by --itt-config option): __itt_notify_sync_name

34271 : 0xda047646182c : 2 : ittapi_config_apply_per_lib :  ITTAPI function NOT instrumented (not matched by --itt-config option): __itt_notify_sync_prepare

34271 : 0xda0476462348 : 2 : ittapi_config_apply_per_lib :  ITTAPI function NOT instrumented (not matched by --itt-config option): __itt_notify_sync_cancel

34271 : 0xda0476462d6d : 2 : ittapi_config_apply_per_lib :  ITTAPI function NOT instrumented (not matched by --itt-config option): __itt_notify_sync_acquired

34271 : 0xda0476463740 : 2 : ittapi_config_apply_per_lib :  ITTAPI function NOT instrumented (not matched by --itt-config option): __itt_notify_sync_releasing

34271 : 0xda04764644b8 : 2 : ittapi_config_apply_per_lib :  ITTAPI function not implemented: __itt_memory_read
34271 : 0xda0476468b38 : 2 : ittapi_config_apply_per_lib :  ITTAPI function not implemented: __itt_memory_write
34271 : 0xda04764699d8 : 2 : ittapi_config_apply_per_lib :  ITTAPI function not implemented: __itt_memory_update
34271 : 0xda047646a828 : 2 : ittapi_config_apply_per_lib :  ITTAPI function not implemented: __itt_state_get
34271 : 0xda047646b581 : 2 : ittapi_config_apply_per_lib :  ITTAPI function not implemented: __itt_state_set
34271 : 0xda047646c388 : 2 : ittapi_config_apply_per_lib :  ITTAPI function not implemented: __itt_obj_mode_set
34271 : 0xda047646d0c6 : 2 : ittapi_config_apply_per_lib :  ITTAPI function not implemented: __itt_thr_mode_set
34271 : 0xda047646dce5 : 2 : ittapi_config_apply_per_lib :  ITTAPI function instrumented: __itt_frame_create
34271 : 0xda047646e906 : 2 : ittapi_config_apply_per_lib :  ITTAPI function instrumented: __itt_pt_region_create
34271 : 0xda047646f512 : 2 : ittapi_config_apply_per_lib :  ITTAPI function instrumented: __itt_frame_begin
34271 : 0xda04764701c0 : 2 : ittapi_config_apply_per_lib :  ITTAPI function instrumented: __itt_frame_end
34271 : 0xda047647658a : 2 : ittapi_config_apply_per_lib :  ITTAPI function not implemented: __itt_counter_destroy
34271 : 0xda04764773e2 : 2 : ittapi_config_apply_per_lib :  ITTAPI function instrumented: __itt_counter_inc
34271 : 0xda0476478050 : 2 : ittapi_config_apply_per_lib :  ITTAPI function instrumented: __itt_counter_inc_delta
34271 : 0xda0476478ce0 : 2 : ittapi_config_apply_per_lib :  ITTAPI function instrumented: __itt_counter_dec
34271 : 0xda0476479a4c : 2 : ittapi_config_apply_per_lib :  ITTAPI function instrumented: __itt_counter_dec_delta
34271 : 0xda047647a68f : 2 : ittapi_config_apply_per_lib :  ITTAPI function instrumented: __itt_counter_set_value
34271 : 0xda047647b42b : 2 : ittapi_config_apply_per_lib :  ITTAPI function not implemented: __itt_counter_set_value_ex
34271 : 0xda047647c131 : 2 : ittapi_config_apply_per_lib :  ITTAPI function not implemented: __itt_mark_create
34271 : 0xda047647d04e : 2 : ittapi_config_apply_per_lib :  ITTAPI function not implemented: __itt_mark
34271 : 0xda047647deb1 : 2 : ittapi_config_apply_per_lib :  ITTAPI function not implemented: __itt_mark_off
34271 : 0xda0476482bee : 2 : ittapi_config_apply_per_lib :  ITTAPI function not implemented: __itt_mark_global
34271 : 0xda0476483a2f : 2 : ittapi_config_apply_per_lib :  ITTAPI function not implemented: __itt_mark_global_off
34271 : 0xda04764848ca : 2 : ittapi_config_apply_per_lib :  ITTAPI function instrumented: __itt_stack_caller_create
34271 : 0xda0476485652 : 2 : ittapi_config_apply_per_lib :  ITTAPI function instrumented: __itt_stack_caller_destroy
34271 : 0xda04764863ce : 2 : ittapi_config_apply_per_lib :  ITTAPI function instrumented: __itt_stack_callee_enter
34271 : 0xda047648705c : 2 : ittapi_config_apply_per_lib :  ITTAPI function instrumented: __itt_stack_callee_leave
34271 : 0xda0476487e3c : 2 : ittapi_config_apply_per_lib :  ITTAPI function not implemented: __itt_clock_domain_create
34271 : 0xda0476488c98 : 2 : ittapi_config_apply_per_lib :  ITTAPI function not implemented: __itt_clock_domain_reset
34271 : 0xda0476489a0c : 2 : ittapi_config_apply_per_lib :  ITTAPI function not implemented: __itt_id_create_ex
34271 : 0xda047648a817 : 2 : ittapi_config_apply_per_lib :  ITTAPI function not implemented: __itt_id_destroy_ex
34271 : 0xda047648f5b4 : 2 : ittapi_config_apply_per_lib :  ITTAPI function not implemented: __itt_task_begin_ex
34271 : 0xda04764904c5 : 2 : ittapi_config_apply_per_lib :  ITTAPI function not implemented: __itt_task_begin_fn_ex
34271 : 0xda04764912b6 : 2 : ittapi_config_apply_per_lib :  ITTAPI function not implemented: __itt_task_end_ex
34271 : 0xda047649203a : 2 : ittapi_config_apply_per_lib :  ITTAPI function instrumented: __itt_task_begin_overlapped
34271 : 0xda0476492dba : 2 : ittapi_config_apply_per_lib :  ITTAPI function not implemented: __itt_task_begin_overlapped_ex
34271 : 0xda0476493a4e : 2 : ittapi_config_apply_per_lib :  ITTAPI function instrumented: __itt_task_end_overlapped
34271 : 0xda0476494923 : 2 : ittapi_config_apply_per_lib :  ITTAPI function not implemented: __itt_task_end_overlapped_ex
34271 : 0xda04764956e5 : 2 : ittapi_config_apply_per_lib :  ITTAPI function not implemented: __itt_marker_ex
34271 : 0xda04764965e8 : 2 : ittapi_config_apply_per_lib :  ITTAPI function not implemented: __itt_metadata_add_with_scope
34271 : 0xda047649755e : 2 : ittapi_config_apply_per_lib :  ITTAPI function not implemented: __itt_metadata_str_add_with_scope
34271 : 0xda047649d5ce : 2 : ittapi_config_apply_per_lib :  ITTAPI function not implemented: __itt_relation_add_to_current_ex
34271 : 0xda047649e513 : 2 : ittapi_config_apply_per_lib :  ITTAPI function not implemented: __itt_relation_add_ex
34271 : 0xda047649f2dc : 2 : ittapi_config_apply_per_lib :  ITTAPI function not implemented: __itt_track_group_create
34271 : 0xda04764a0005 : 2 : ittapi_config_apply_per_lib :  ITTAPI function not implemented: __itt_track_create
34271 : 0xda04764a0d9f : 2 : ittapi_config_apply_per_lib :  ITTAPI function not implemented: __itt_set_track
34271 : 0xda04764a1a13 : 2 : ittapi_config_apply_per_lib :  ITTAPI function instrumented: __itt_api_version
34271 : 0xda04764a2749 : 2 : ittapi_config_apply_per_lib :  ITTAPI function not implemented: __itt_av_save
34271 : 0xda04764a33ff : 2 : ittapi_config_apply_per_lib :  ITTAPI function instrumented: __itt_module_load
34271 : 0xda04764a41fa : 2 : ittapi_config_apply_per_lib :  ITTAPI function not implemented: __itt_module_unload
34271 : 0xda047657a47d : 2 : ittapi_config_mask_get :  --itt-config mask to be applied: 183
34271 : 0xda0476581fd3 : 2 : ittapi_config_apply_per_lib :  ITTAPI function instrumented: __itt_domain_create
34271 : 0xda0476583081 : 2 : ittapi_config_apply_per_lib :  ITTAPI function instrumented: __itt_module_load_with_sections
34271 : 0xda04765848a1 : 2 : ittapi_config_apply_per_lib :  ITTAPI function not implemented: __itt_module_unload_with_sections
34271 : 0xda04765855eb : 2 : ittapi_config_apply_per_lib :  ITTAPI function instrumented: __itt_string_handle_create
34271 : 0xda04765861d6 : 2 : ittapi_config_apply_per_lib :  ITTAPI function instrumented: __itt_counter_create
34271 : 0xda0476586e1d : 2 : ittapi_config_apply_per_lib :  ITTAPI function instrumented: __itt_counter_create_typed
34271 : 0xda0476587b4b : 2 : ittapi_config_apply_per_lib :  ITTAPI function instrumented: __itt_pause
34271 : 0xda0476588790 : 2 : ittapi_config_apply_per_lib :  ITTAPI function instrumented: __itt_resume
34271 : 0xda047658936f : 2 : ittapi_config_apply_per_lib :  ITTAPI function instrumented: __itt_thread_set_name
34271 : 0xda0476589fd5 : 2 : ittapi_config_apply_per_lib :  ITTAPI function instrumented: __itt_thread_ignore
34271 : 0xda047658e8e2 : 2 : ittapi_config_apply_per_lib :  ITTAPI function instrumented: __itt_thr_name_set
34271 : 0xda047658f707 : 2 : ittapi_config_apply_per_lib :  ITTAPI function instrumented: __itt_thr_ignore
34271 : 0xda04765906c7 : 2 : ittapi_config_apply_per_lib :  ITTAPI function not implemented: __itt_enable_attach
34271 : 0xda04765913ff : 2 : ittapi_config_apply_per_lib :  ITTAPI function instrumented: __itt_detach
34271 : 0xda0476591ee2 : 2 : ittapi_config_apply_per_lib :  ITTAPI function NOT instrumented (not matched by --itt-config option): __itt_sync_create

34271 : 0xda04765929aa : 2 : ittapi_config_apply_per_lib :  ITTAPI function NOT instrumented (not matched by --itt-config option): __itt_sync_rename

34271 : 0xda047659338f : 2 : ittapi_config_apply_per_lib :  ITTAPI function NOT instrumented (not matched by --itt-config option): __itt_sync_destroy

34271 : 0xda0476593e08 : 2 : ittapi_config_apply_per_lib :  ITTAPI function NOT instrumented (not matched by --itt-config option): __itt_sync_prepare

34271 : 0xda0476594784 : 2 : ittapi_config_apply_per_lib :  ITTAPI function NOT instrumented (not matched by --itt-config option): __itt_sync_cancel

34271 : 0xda04765951f4 : 2 : ittapi_config_apply_per_lib :  ITTAPI function NOT instrumented (not matched by --itt-config option): __itt_sync_acquired

34271 : 0xda047659997e : 2 : ittapi_config_apply_per_lib :  ITTAPI function NOT instrumented (not matched by --itt-config option): __itt_sync_releasing

34271 : 0xda047659aa58 : 2 : ittapi_config_apply_per_lib :  ITTAPI function not implemented: __itt_suppress_push
34271 : 0xda047659bab8 : 2 : ittapi_config_apply_per_lib :  ITTAPI function not implemented: __itt_suppress_pop
34271 : 0xda047659c8dd : 2 : ittapi_config_apply_per_lib :  ITTAPI function not implemented: __itt_suppress_mark_range
34271 : 0xda047659daad : 2 : ittapi_config_apply_per_lib :  ITTAPI function not implemented: __itt_suppress_clear_range
34271 : 0xda047659e4cf : 2 : ittapi_config_apply_per_lib :  ITTAPI function NOT instrumented (not matched by --itt-config option): __itt_sync_prepare

34271 : 0xda047659ee83 : 2 : ittapi_config_apply_per_lib :  ITTAPI function NOT instrumented (not matched by --itt-config option): __itt_sync_cancel

34271 : 0xda047659f81c : 2 : ittapi_config_apply_per_lib :  ITTAPI function NOT instrumented (not matched by --itt-config option): __itt_sync_acquired

34271 : 0xda04765a01ff : 2 : ittapi_config_apply_per_lib :  ITTAPI function NOT instrumented (not matched by --itt-config option): __itt_sync_releasing

34271 : 0xda04765a0eb5 : 2 : ittapi_config_apply_per_lib :  ITTAPI function instrumented: __itt_model_site_begin
34271 : 0xda04765a7d9f : 2 : ittapi_config_apply_per_lib :  ITTAPI function instrumented: __itt_model_site_end
34271 : 0xda04765a8bec : 2 : ittapi_config_apply_per_lib :  ITTAPI function instrumented: __itt_model_task_begin
34271 : 0xda04765a981c : 2 : ittapi_config_apply_per_lib :  ITTAPI function instrumented: __itt_model_task_end
34271 : 0xda04765aa467 : 2 : ittapi_config_apply_per_lib :  ITTAPI function instrumented: __itt_model_lock_acquire
34271 : 0xda04765ab1ad : 2 : ittapi_config_apply_per_lib :  ITTAPI function instrumented: __itt_model_lock_release
34271 : 0xda04765abfe2 : 2 : ittapi_config_apply_per_lib :  ITTAPI function not implemented: __itt_model_record_allocation
34271 : 0xda04765acdd9 : 2 : ittapi_config_apply_per_lib :  ITTAPI function not implemented: __itt_model_record_deallocation
34271 : 0xda04765adb49 : 2 : ittapi_config_apply_per_lib :  ITTAPI function not implemented: __itt_model_induction_uses
34271 : 0xda04765ae94c : 2 : ittapi_config_apply_per_lib :  ITTAPI function not implemented: __itt_model_reduction_uses
34271 : 0xda04765af6cc : 2 : ittapi_config_apply_per_lib :  ITTAPI function not implemented: __itt_model_observe_uses
34271 : 0xda04765b428c : 2 : ittapi_config_apply_per_lib :  ITTAPI function not implemented: __itt_model_clear_uses
34271 : 0xda04765b5038 : 2 : ittapi_config_apply_per_lib :  ITTAPI function instrumented: __itt_model_site_beginA
34271 : 0xda04765b5cc6 : 2 : ittapi_config_apply_per_lib :  ITTAPI function instrumented: __itt_model_site_beginAL
34271 : 0xda04765b693c : 2 : ittapi_config_apply_per_lib :  ITTAPI function instrumented: __itt_model_task_beginA
34271 : 0xda04765b760f : 2 : ittapi_config_apply_per_lib :  ITTAPI function instrumented: __itt_model_task_beginAL
34271 : 0xda04765b82af : 2 : ittapi_config_apply_per_lib :  ITTAPI function instrumented: __itt_model_iteration_taskA
34271 : 0xda04765b8eff : 2 : ittapi_config_apply_per_lib :  ITTAPI function instrumented: __itt_model_iteration_taskAL
34271 : 0xda04765b9a95 : 2 : ittapi_config_apply_per_lib :  ITTAPI function instrumented: __itt_model_site_end_2
34271 : 0xda04765ba6ff : 2 : ittapi_config_apply_per_lib :  ITTAPI function instrumented: __itt_model_task_end_2
34271 : 0xda04765bb269 : 2 : ittapi_config_apply_per_lib :  ITTAPI function instrumented: __itt_model_lock_acquire_2
34271 : 0xda04765bfa2f : 2 : ittapi_config_apply_per_lib :  ITTAPI function instrumented: __itt_model_lock_release_2
34271 : 0xda04765c0763 : 2 : ittapi_config_apply_per_lib :  ITTAPI function instrumented: __itt_model_aggregate_task
34271 : 0xda04765c13b4 : 2 : ittapi_config_apply_per_lib :  ITTAPI function instrumented: __itt_model_disable_push
34271 : 0xda04765c2181 : 2 : ittapi_config_apply_per_lib :  ITTAPI function instrumented: __itt_model_disable_pop
34271 : 0xda04765c2d6e : 2 : ittapi_config_apply_per_lib :  ITTAPI function instrumented: __itt_heap_function_create
34271 : 0xda04765c3a3b : 2 : ittapi_config_apply_per_lib :  ITTAPI function instrumented: __itt_heap_allocate_begin
34271 : 0xda04765c45fd : 2 : ittapi_config_apply_per_lib :  ITTAPI function instrumented: __itt_heap_allocate_end
34271 : 0xda04765c52ce : 2 : ittapi_config_apply_per_lib :  ITTAPI function instrumented: __itt_heap_free_begin
34271 : 0xda04765c5ea7 : 2 : ittapi_config_apply_per_lib :  ITTAPI function instrumented: __itt_heap_free_end
34271 : 0xda04765c6b1f : 2 : ittapi_config_apply_per_lib :  ITTAPI function instrumented: __itt_heap_reallocate_begin
34271 : 0xda04765cca1b : 2 : ittapi_config_apply_per_lib :  ITTAPI function instrumented: __itt_heap_reallocate_end
34271 : 0xda04765cda93 : 2 : ittapi_config_apply_per_lib :  ITTAPI function not implemented: __itt_heap_internal_access_begin
34271 : 0xda04765ce87c : 2 : ittapi_config_apply_per_lib :  ITTAPI function not implemented: __itt_heap_internal_access_end
34271 : 0xda04765cf6bd : 2 : ittapi_config_apply_per_lib :  ITTAPI function not implemented: __itt_heap_record_memory_growth_begin
34271 : 0xda04765d054d : 2 : ittapi_config_apply_per_lib :  ITTAPI function not implemented: __itt_heap_record_memory_growth_end
34271 : 0xda04765d1340 : 2 : ittapi_config_apply_per_lib :  ITTAPI function not implemented: __itt_heap_reset_detection
34271 : 0xda04765d21e2 : 2 : ittapi_config_apply_per_lib :  ITTAPI function not implemented: __itt_heap_record
34271 : 0xda04765d2f58 : 2 : ittapi_config_apply_per_lib :  ITTAPI function not implemented: __itt_id_create
34271 : 0xda04765d3d3b : 2 : ittapi_config_apply_per_lib :  ITTAPI function not implemented: __itt_id_destroy
34271 : 0xda04765d4a1a : 2 : ittapi_config_apply_per_lib :  ITTAPI function instrumented: __itt_get_timestamp
34271 : 0xda04765d9430 : 2 : ittapi_config_apply_per_lib :  ITTAPI function not implemented: __itt_region_begin
34271 : 0xda04765da27e : 2 : ittapi_config_apply_per_lib :  ITTAPI function not implemented: __itt_region_end
34271 : 0xda04765dafd6 : 2 : ittapi_config_apply_per_lib :  ITTAPI function instrumented: __itt_frame_begin_v3
34271 : 0xda04765dbdc4 : 2 : ittapi_config_apply_per_lib :  ITTAPI function instrumented: __itt_frame_end_v3
34271 : 0xda04765dca93 : 2 : ittapi_config_apply_per_lib :  ITTAPI function instrumented: __itt_frame_submit_v3
34271 : 0xda04765dd911 : 2 : ittapi_config_apply_per_lib :  ITTAPI function not implemented: __itt_task_group
34271 : 0xda04765de651 : 2 : ittapi_config_apply_per_lib :  ITTAPI function instrumented: __itt_task_begin
34271 : 0xda04765df2df : 2 : ittapi_config_apply_per_lib :  ITTAPI function instrumented: __itt_task_begin_fn
34271 : 0xda04765e020e : 2 : ittapi_config_apply_per_lib :  ITTAPI function instrumented: __itt_task_end
34271 : 0xda04765e10f5 : 2 : ittapi_config_apply_per_lib :  ITTAPI function not implemented: __itt_counter_inc_v3
34271 : 0xda04765e5a03 : 2 : ittapi_config_apply_per_lib :  ITTAPI function not implemented: __itt_counter_inc_delta_v3
34271 : 0xda04765e6881 : 2 : ittapi_config_apply_per_lib :  ITTAPI function not implemented: __itt_counter_dec_v3
34271 : 0xda04765e768c : 2 : ittapi_config_apply_per_lib :  ITTAPI function not implemented: __itt_counter_dec_delta_v3
34271 : 0xda04765e84ad : 2 : ittapi_config_apply_per_lib :  ITTAPI function not implemented: __itt_marker
34271 : 0xda04765e9129 : 2 : ittapi_config_apply_per_lib :  ITTAPI function instrumented: __itt_metadata_add
34271 : 0xda04765e9fca : 2 : ittapi_config_apply_per_lib :  ITTAPI function not implemented: __itt_metadata_str_add
34271 : 0xda04765ead31 : 2 : ittapi_config_apply_per_lib :  ITTAPI function not implemented: __itt_relation_add_to_current
34271 : 0xda04765ebbee : 2 : ittapi_config_apply_per_lib :  ITTAPI function not implemented: __itt_relation_add
34271 : 0xda04765ec84d : 2 : ittapi_config_apply_per_lib :  ITTAPI function instrumented: __itt_event_create
34271 : 0xda04765ed4e2 : 2 : ittapi_config_apply_per_lib :  ITTAPI function instrumented: __itt_event_start
34271 : 0xda04765f2185 : 2 : ittapi_config_apply_per_lib :  ITTAPI function instrumented: __itt_event_end
34271 : 0xda04765f2c72 : 2 : ittapi_config_apply_per_lib :  ITTAPI function NOT instrumented (not matched by --itt-config option): __itt_sync_set_name

34271 : 0xda04765f36cc : 2 : ittapi_config_apply_per_lib :  ITTAPI function NOT instrumented (not matched by --itt-config option): __itt_notify_sync_name

34271 : 0xda04765f410c : 2 : ittapi_config_apply_per_lib :  ITTAPI function NOT instrumented (not matched by --itt-config option): __itt_notify_sync_prepare

34271 : 0xda04765f4bf1 : 2 : ittapi_config_apply_per_lib :  ITTAPI function NOT instrumented (not matched by --itt-config option): __itt_notify_sync_cancel

34271 : 0xda04765f5599 : 2 : ittapi_config_apply_per_lib :  ITTAPI function NOT instrumented (not matched by --itt-config option): __itt_notify_sync_acquired

34271 : 0xda04765f600c : 2 : ittapi_config_apply_per_lib :  ITTAPI function NOT instrumented (not matched by --itt-config option): __itt_notify_sync_releasing

34271 : 0xda04765f6dc8 : 2 : ittapi_config_apply_per_lib :  ITTAPI function not implemented: __itt_memory_read
34271 : 0xda04765f7b6c : 2 : ittapi_config_apply_per_lib :  ITTAPI function not implemented: __itt_memory_write
34271 : 0xda04765f88be : 2 : ittapi_config_apply_per_lib :  ITTAPI function not implemented: __itt_memory_update
34271 : 0xda04765feac3 : 2 : ittapi_config_apply_per_lib :  ITTAPI function not implemented: __itt_state_get
34271 : 0xda04765ffa7d : 2 : ittapi_config_apply_per_lib :  ITTAPI function not implemented: __itt_state_set
34271 : 0xda0476600876 : 2 : ittapi_config_apply_per_lib :  ITTAPI function not implemented: __itt_obj_mode_set
34271 : 0xda047660163a : 2 : ittapi_config_apply_per_lib :  ITTAPI function not implemented: __itt_thr_mode_set
34271 : 0xda0476602282 : 2 : ittapi_config_apply_per_lib :  ITTAPI function instrumented: __itt_frame_create
34271 : 0xda0476602e2a : 2 : ittapi_config_apply_per_lib :  ITTAPI function instrumented: __itt_pt_region_create
34271 : 0xda0476603ae3 : 2 : ittapi_config_apply_per_lib :  ITTAPI function instrumented: __itt_frame_begin
34271 : 0xda04766047a3 : 2 : ittapi_config_apply_per_lib :  ITTAPI function instrumented: __itt_frame_end
34271 : 0xda04766055c7 : 2 : ittapi_config_apply_per_lib :  ITTAPI function not implemented: __itt_counter_destroy
34271 : 0xda0476606241 : 2 : ittapi_config_apply_per_lib :  ITTAPI function instrumented: __itt_counter_inc
34271 : 0xda047660aa1f : 2 : ittapi_config_apply_per_lib :  ITTAPI function instrumented: __itt_counter_inc_delta
34271 : 0xda047660b768 : 2 : ittapi_config_apply_per_lib :  ITTAPI function instrumented: __itt_counter_dec
34271 : 0xda047660c4c8 : 2 : ittapi_config_apply_per_lib :  ITTAPI function instrumented: __itt_counter_dec_delta
34271 : 0xda047660d0e6 : 2 : ittapi_config_apply_per_lib :  ITTAPI function instrumented: __itt_counter_set_value
34271 : 0xda047660deb2 : 2 : ittapi_config_apply_per_lib :  ITTAPI function not implemented: __itt_counter_set_value_ex
34271 : 0xda047660ebdf : 2 : ittapi_config_apply_per_lib :  ITTAPI function not implemented: __itt_mark_create
34271 : 0xda047660f9ed : 2 : ittapi_config_apply_per_lib :  ITTAPI function not implemented: __itt_mark
34271 : 0xda04766107b3 : 2 : ittapi_config_apply_per_lib :  ITTAPI function not implemented: __itt_mark_off
34271 : 0xda047661151d : 2 : ittapi_config_apply_per_lib :  ITTAPI function not implemented: __itt_mark_global
34271 : 0xda0476612297 : 2 : ittapi_config_apply_per_lib :  ITTAPI function not implemented: __itt_mark_global_off
34271 : 0xda0476616a55 : 2 : ittapi_config_apply_per_lib :  ITTAPI function instrumented: __itt_stack_caller_create
34271 : 0xda0476617874 : 2 : ittapi_config_apply_per_lib :  ITTAPI function instrumented: __itt_stack_caller_destroy
34271 : 0xda04766185a7 : 2 : ittapi_config_apply_per_lib :  ITTAPI function instrumented: __itt_stack_callee_enter
34271 : 0xda04766191ed : 2 : ittapi_config_apply_per_lib :  ITTAPI function instrumented: __itt_stack_callee_leave
34271 : 0xda0476619f77 : 2 : ittapi_config_apply_per_lib :  ITTAPI function not implemented: __itt_clock_domain_create
34271 : 0xda047661ad4e : 2 : ittapi_config_apply_per_lib :  ITTAPI function not implemented: __itt_clock_domain_reset
34271 : 0xda047661bab6 : 2 : ittapi_config_apply_per_lib :  ITTAPI function not implemented: __itt_id_create_ex
34271 : 0xda047661c8b3 : 2 : ittapi_config_apply_per_lib :  ITTAPI function not implemented: __itt_id_destroy_ex
34271 : 0xda047661d697 : 2 : ittapi_config_apply_per_lib :  ITTAPI function not implemented: __itt_task_begin_ex
34271 : 0xda047661e3e3 : 2 : ittapi_config_apply_per_lib :  ITTAPI function not implemented: __itt_task_begin_fn_ex
34271 : 0xda0476624348 : 2 : ittapi_config_apply_per_lib :  ITTAPI function not implemented: __itt_task_end_ex
34271 : 0xda047662514d : 2 : ittapi_config_apply_per_lib :  ITTAPI function instrumented: __itt_task_begin_overlapped
34271 : 0xda0476625f02 : 2 : ittapi_config_apply_per_lib :  ITTAPI function not implemented: __itt_task_begin_overlapped_ex
34271 : 0xda0476626bba : 2 : ittapi_config_apply_per_lib :  ITTAPI function instrumented: __itt_task_end_overlapped
34271 : 0xda0476627997 : 2 : ittapi_config_apply_per_lib :  ITTAPI function not implemented: __itt_task_end_overlapped_ex
34271 : 0xda04766286fd : 2 : ittapi_config_apply_per_lib :  ITTAPI function not implemented: __itt_marker_ex
34271 : 0xda04766294f8 : 2 : ittapi_config_apply_per_lib :  ITTAPI function not implemented: __itt_metadata_add_with_scope
34271 : 0xda047662a3ff : 2 : ittapi_config_apply_per_lib :  ITTAPI function not implemented: __itt_metadata_str_add_with_scope
34271 : 0xda047662b191 : 2 : ittapi_config_apply_per_lib :  ITTAPI function not implemented: __itt_relation_add_to_current_ex
34271 : 0xda047662bf1b : 2 : ittapi_config_apply_per_lib :  ITTAPI function not implemented: __itt_relation_add_ex
34271 : 0xda0476630825 : 2 : ittapi_config_apply_per_lib :  ITTAPI function not implemented: __itt_track_group_create
34271 : 0xda04766315f0 : 2 : ittapi_config_apply_per_lib :  ITTAPI function not implemented: __itt_track_create
34271 : 0xda0476632374 : 2 : ittapi_config_apply_per_lib :  ITTAPI function not implemented: __itt_set_track
34271 : 0xda0476632fa9 : 2 : ittapi_config_apply_per_lib :  ITTAPI function instrumented: __itt_api_version
34271 : 0xda0476633cc1 : 2 : ittapi_config_apply_per_lib :  ITTAPI function not implemented: __itt_av_save
34271 : 0xda0476634987 : 2 : ittapi_config_apply_per_lib :  ITTAPI function instrumented: __itt_module_load
34271 : 0xda047663572b : 2 : ittapi_config_apply_per_lib :  ITTAPI function not implemented: __itt_module_unload