<?xml version="1.0" encoding="utf-8"?>
<log version="1.0" tool="runtool">

<msg id="1" tool="runtool">
  <type>log-start</type>
  <arg>2021/10/27 10:33:37</arg>
</msg>
<msg id="2" tool="runtool">
  <type>bandwidth-measurement-starts</type>
</msg>
<msg id="3" tool="runtool">
  <type>bandwidth-measurement-done</type>
</msg>
<msg id="4" tool="runtool">
  <type>collector-starts</type>
</msg>
<msg id="5" tool="runtool">
  <type>marker-file</type>
  <arg>/home/thanasis/rooflineCheck/rooflineCheck/e000/trc000/trc000.advixe</arg>
</msg>
<msg id="6" tool="trc">
  <type>PROCESS_START</type>
  <arg>/home/thanasis/rooflineCheck/1_mmult_serial</arg>
  <arg>34423</arg>
  <severity>INFO</severity>
  <timestamp>Wed Oct 27 10:33:47 2021</timestamp>
</msg>
<msg id="7" tool="trc">
  <type>PROCESS_ANALYSIS_MODE</type>
  <arg>full</arg>
  <severity>INFO</severity>
  <timestamp>Wed Oct 27 10:33:47 2021</timestamp>
</msg>
<msg id="8" tool="trc">
  <type>LOAD_MODULE</type>
  <arg>/home/thanasis/rooflineCheck/1_mmult_serial</arg>
  <arg>0x55fc6e3da000</arg>
  <arg>0x55fc6ef26f4f</arg>
  <arg>yes</arg>
  <severity>INFO</severity>
  <timestamp>Wed Oct 27 10:33:47 2021</timestamp>
</msg>
<msg id="9" tool="trc">
  <type>LOAD_MODULE</type>
  <arg>/lib64/ld-linux-x86-64.so.2</arg>
  <arg>0x7f7ea8558000</arg>
  <arg>0x7f7ea858718f</arg>
  <arg>no</arg>
  <severity>INFO</severity>
  <timestamp>Wed Oct 27 10:33:58 2021</timestamp>
</msg>
<msg id="10" tool="trc">
  <type>LOAD_MODULE</type>
  <arg>[vdso]</arg>
  <arg>0x7ffca8d5d000</arg>
  <arg>0x7ffca8d5dfde</arg>
  <arg>no</arg>
  <severity>INFO</severity>
  <timestamp>Wed Oct 27 10:33:58 2021</timestamp>
</msg>
<msg id="11" tool="trc">
  <type>LOAD_MODULE</type>
  <arg>/opt/intel/oneapi/compiler/2021.4.0/linux/compiler/lib/intel64_lin/libiomp5.so</arg>
  <arg>0x7f7e8c978000</arg>
  <arg>0x7f7e8cd9707f</arg>
  <arg>yes</arg>
  <severity>INFO</severity>
  <timestamp>Wed Oct 27 10:33:58 2021</timestamp>
</msg>
<msg id="12" tool="trc">
  <type>LOAD_MODULE</type>
  <arg>/lib/x86_64-linux-gnu/libpthread.so.0</arg>
  <arg>0x7f7e8c8c4000</arg>
  <arg>0x7f7e8c8e6477</arg>
  <arg>yes</arg>
  <severity>INFO</severity>
  <timestamp>Wed Oct 27 10:34:00 2021</timestamp>
</msg>
<msg id="13" tool="trc">
  <type>LOAD_MODULE</type>
  <arg>/lib/x86_64-linux-gnu/libdl.so.2</arg>
  <arg>0x7f7e8c8f7000</arg>
  <arg>0x7f7e8c8fc10f</arg>
  <arg>no</arg>
  <severity>INFO</severity>
  <timestamp>Wed Oct 27 10:34:00 2021</timestamp>
</msg>
<msg id="14" tool="trc">
  <type>LOAD_MODULE</type>
  <arg>/lib/x86_64-linux-gnu/libstdc++.so.6</arg>
  <arg>0x7f7e8c6c0000</arg>
  <arg>0x7f7e8c8a17ff</arg>
  <arg>no</arg>
  <severity>INFO</severity>
  <timestamp>Wed Oct 27 10:34:00 2021</timestamp>
</msg>
<msg id="15" tool="trc">
  <type>LOAD_MODULE</type>
  <arg>/lib/x86_64-linux-gnu/libc.so.6</arg>
  <arg>0x7f7e8c4ce000</arg>
  <arg>0x7f7e8c6bf4d7</arg>
  <arg>no</arg>
  <severity>INFO</severity>
  <timestamp>Wed Oct 27 10:34:00 2021</timestamp>
</msg>
<msg id="16" tool="trc">
  <type>LOAD_MODULE</type>
  <arg>/lib/x86_64-linux-gnu/librt.so.1</arg>
  <arg>0x7f7e8c4c3000</arg>
  <arg>0x7f7e8c4cdbdf</arg>
  <arg>no</arg>
  <severity>INFO</severity>
  <timestamp>Wed Oct 27 10:34:00 2021</timestamp>
</msg>
<msg id="17" tool="trc">
  <type>LOAD_MODULE</type>
  <arg>/lib/x86_64-linux-gnu/libgcc_s.so.1</arg>
  <arg>0x7f7e8c4a8000</arg>
  <arg>0x7f7e8c4c2447</arg>
  <arg>no</arg>
  <severity>INFO</severity>
  <timestamp>Wed Oct 27 10:34:00 2021</timestamp>
</msg>
<msg id="18" tool="trc">
  <type>LOAD_MODULE</type>
  <arg>/lib/x86_64-linux-gnu/libm.so.6</arg>
  <arg>0x7f7e8c352000</arg>
  <arg>0x7f7e8c4a010f</arg>
  <arg>no</arg>
  <severity>INFO</severity>
  <timestamp>Wed Oct 27 10:34:00 2021</timestamp>
</msg>
<msg id="19" tool="trc">
  <type>LOAD_MODULE</type>
  <arg>/opt/intel/oneapi/advisor/2021.4.0/lib64/runtime/libittnotify.so</arg>
  <arg>0x7f7e89072000</arg>
  <arg>0x7f7e8927e65f</arg>
  <arg>no</arg>
  <severity>INFO</severity>
  <timestamp>Wed Oct 27 10:34:00 2021</timestamp>
</msg>
<msg id="20" tool="trc">
  <type>LOAD_MODULE</type>
  <arg>/opt/intel/oneapi/advisor/2021.4.0/lib64/libpinjitprofiling.so</arg>
  <arg>0x7f7e88d81000</arg>
  <arg>0x7f7e88f8200f</arg>
  <arg>no</arg>
  <severity>INFO</severity>
  <timestamp>Wed Oct 27 10:34:00 2021</timestamp>
</msg>
<msg id="21" tool="trc">
  <type>UNLOAD_MODULE</type>
  <arg>/home/thanasis/rooflineCheck/1_mmult_serial</arg>
  <severity>INFO</severity>
  <timestamp>Wed Oct 27 10:34:04 2021</timestamp>
</msg>
<msg id="22" tool="trc">
  <type>UNLOAD_MODULE</type>
  <arg>/lib64/ld-linux-x86-64.so.2</arg>
  <severity>INFO</severity>
  <timestamp>Wed Oct 27 10:34:04 2021</timestamp>
</msg>
<msg id="23" tool="trc">
  <type>UNLOAD_MODULE</type>
  <arg>[vdso]</arg>
  <severity>INFO</severity>
  <timestamp>Wed Oct 27 10:34:04 2021</timestamp>
</msg>
<msg id="24" tool="trc">
  <type>UNLOAD_MODULE</type>
  <arg>/opt/intel/oneapi/compiler/2021.4.0/linux/compiler/lib/intel64_lin/libiomp5.so</arg>
  <severity>INFO</severity>
  <timestamp>Wed Oct 27 10:34:04 2021</timestamp>
</msg>
<msg id="25" tool="trc">
  <type>UNLOAD_MODULE</type>
  <arg>/lib/x86_64-linux-gnu/libpthread.so.0</arg>
  <severity>INFO</severity>
  <timestamp>Wed Oct 27 10:34:04 2021</timestamp>
</msg>
<msg id="26" tool="trc">
  <type>UNLOAD_MODULE</type>
  <arg>/lib/x86_64-linux-gnu/libdl.so.2</arg>
  <severity>INFO</severity>
  <timestamp>Wed Oct 27 10:34:04 2021</timestamp>
</msg>
<msg id="27" tool="trc">
  <type>UNLOAD_MODULE</type>
  <arg>/lib/x86_64-linux-gnu/libstdc++.so.6</arg>
  <severity>INFO</severity>
  <timestamp>Wed Oct 27 10:34:04 2021</timestamp>
</msg>
<msg id="28" tool="trc">
  <type>UNLOAD_MODULE</type>
  <arg>/lib/x86_64-linux-gnu/libc.so.6</arg>
  <severity>INFO</severity>
  <timestamp>Wed Oct 27 10:34:04 2021</timestamp>
</msg>
<msg id="29" tool="trc">
  <type>UNLOAD_MODULE</type>
  <arg>/lib/x86_64-linux-gnu/librt.so.1</arg>
  <severity>INFO</severity>
  <timestamp>Wed Oct 27 10:34:04 2021</timestamp>
</msg>
<msg id="30" tool="trc">
  <type>UNLOAD_MODULE</type>
  <arg>/lib/x86_64-linux-gnu/libgcc_s.so.1</arg>
  <severity>INFO</severity>
  <timestamp>Wed Oct 27 10:34:04 2021</timestamp>
</msg>
<msg id="31" tool="trc">
  <type>UNLOAD_MODULE</type>
  <arg>/lib/x86_64-linux-gnu/libm.so.6</arg>
  <severity>INFO</severity>
  <timestamp>Wed Oct 27 10:34:04 2021</timestamp>
</msg>
<msg id="32" tool="trc">
  <type>UNLOAD_MODULE</type>
  <arg>/opt/intel/oneapi/advisor/2021.4.0/lib64/runtime/libittnotify.so</arg>
  <severity>INFO</severity>
  <timestamp>Wed Oct 27 10:34:04 2021</timestamp>
</msg>
<msg id="33" tool="trc">
  <type>UNLOAD_MODULE</type>
  <arg>/opt/intel/oneapi/advisor/2021.4.0/lib64/libpinjitprofiling.so</arg>
  <severity>INFO</severity>
  <timestamp>Wed Oct 27 10:34:04 2021</timestamp>
</msg>
<msg id="34" tool="trc">
  <type>UNLOAD_MODULE</type>
  <arg>DynamicCodeBin</arg>
  <severity>INFO</severity>
  <timestamp>Wed Oct 27 10:34:04 2021</timestamp>
</msg>
<msg id="35" tool="trc">
  <type>PROCESS_FINISH</type>
  <arg>/home/thanasis/rooflineCheck/1_mmult_serial</arg>
  <arg>34423</arg>
  <arg>0x0</arg>
  <severity>INFO</severity>
  <timestamp>Wed Oct 27 10:34:04 2021</timestamp>
</msg>
<msg id="36" tool="runtool">
  <type>app-exit-code</type>
  <arg>0</arg>
</msg>
<msg id="37" tool="runtool">
  <type>marker-file</type>
  <arg>/home/thanasis/rooflineCheck/rooflineCheck/e000/trc000/trc000.advixe</arg>
</msg>
<msg id="38" tool="runtool">
  <type>collector-done</type>
</msg>
<msg id="39" tool="runtool">
  <type>log-end</type>
  <arg>2021/10/27 10:34:08</arg>
</msg>

</log>

