7 [140306675906368] INFO perfrun.launcher <> - Launcher main begin
8 [140306675906368] INFO perfrun.launcher <> - MessageCatalogInit finished
8 [140306675906368] INFO perfrun.launcher <> - Launcher instance created
8 [140306675906368] INFO perfrun.launcher <> - argc = 6; cmdline = /opt/intel/advisor_2019.5.0.602216/bin64/advixe-runss --ui-output-format xml --ui-output-fd 63 --context-value-list 
14 [140306675906368] INFO perfrun.launcher <> - plugin remoteplug has been added successfully
14 [140306675906368] INFO perfrun.launcher <> - plugin system has been added successfully
14 [140306675906368] INFO perfrun.launcher <> - plugin  has been added successfully
14 [140306675906368] INFO perfrun.launcher <> - plugin  has been added successfully
14 [140306675906368] INFO perfrun.launcher <> - plugin  has been added successfully
14 [140306675906368] INFO perfrun.launcher <> - plugin  has been added successfully
14 [140306675906368] INFO perfrun.launcher <> - plugin  has been added successfully
14 [140306675906368] INFO perfrun.launcher <> - plugin  has been added successfully
14 [140306675906368] INFO perfrun.launcher <> - plugin mrte has been added successfully
14 [140306675906368] INFO perfrun.launcher <> - plugin  has been added successfully
14 [140306675906368] INFO perfrun.launcher <> - plugin  has been added successfully
14 [140306675906368] INFO perfrun.launcher <> - plugin  has been added successfully
32 [140306675906368] INFO perfrun.launcher <> - plugin  has been added successfully
32 [140306675906368] INFO perfrun.launcher <> - plugin  has been added successfully
32 [140306675906368] INFO perfrun.launcher <> - plugin  has been added successfully
32 [140306675906368] INFO perfrun.launcher <> - plugin tpss has been added successfully
32 [140306675906368] INFO perfrun.launcher <> - plugin  has been added successfully
32 [140306675906368] INFO perfrun.launcher <> - plugin  has been added successfully
32 [140306675906368] INFO perfrun.launcher <> - plugin  has been added successfully
32 [140306675906368] INFO perfrun.launcher <> - plugin  has been added successfully
32 [140306675906368] INFO perfrun.launcher <> - plugin  has been added successfully
32 [140306675906368] INFO perfrun.launcher <> - plugin  has been added successfully
32 [140306675906368] INFO perfrun.launcher <> - plugin  has been added successfully
32 [140306675906368] INFO perfrun.launcher <> - the option was added --interval: Specify an interval of data collection (for example, sampling) in milliseconds.
32 [140306675906368] INFO perfrun.launcher <> - the option was added --follow-child: Profile process with or without children.
32 [140306675906368] INFO perfrun.launcher <> - the option was added --gelding: BADMSG: perfrun1.launcher.plugin_manager::gelding
32 [140306675906368] INFO perfrun.launcher <> - the option was added --time-source: Specify time source for measurement. Possible values: sys - wall clock time; tsc - time stamp counter; ext - time from an external source; auto - auto select accurate time source.
32 [140306675906368] INFO perfrun.launcher <> - the option was added --stack: Enable or disable collection of stacks.
33 [140306675906368] INFO perfrun.launcher <> - the option was added --stack-stitching: Enable or disable the stack stitching algorithm for Intel TBB-based applications.
33 [140306675906368] INFO perfrun.launcher <> - the option was added --type: Specify type of data to be collected. For example, --type cpu:counters,waiting:nostack,io.
33 [140306675906368] INFO perfrun.launcher <> - the option was added --mrte-mode: Specify Java/.NET/other managed runtime collection mode. Possible values: native - collect information only for native code; managed - collect information only for managed code; mixed - collect information for both managed and native code; auto - choose the mode based on binary type.
33 [140306675906368] INFO perfrun.launcher <> - the option was added --mrte-mode-list: List supported Java/.NET/other managed runtime collection modes.
33 [140306675906368] INFO perfrun.launcher <> - the option was added --mrte-type: Specify which managed runtimes to collect. Possible values: java - collect information for Java; dotnet - collect information for .NET; python - collect information for CPython. You can specify several values separated by comma.
33 [140306675906368] INFO perfrun.launcher <> - the option was added --mrte-type-list: List supported Java/.NET/other managed runtime types.
33 [140306675906368] INFO perfrun.launcher <> - the option was added --trace-strategy: Specify how to profile a process tree. <string> can be "<process>:trace:notrace" - profile the process but do not profile its children. Shorthand parameters: t - trace, nt - notrace. For example, "vtunedemo.exe:t:t".
33 [140306675906368] INFO perfrun.launcher <> - the option was added --collector: BADMSG: perfrun1.launcher.plugin_manager::collector
33 [140306675906368] INFO perfrun.launcher <> - the option was added --system-wide: Enable system-wide profiling. This mode may require additional permissions.
33 [140306675906368] INFO perfrun.launcher <> - the option was added --kvm-guest: Enable KVM guest OS profiling.
33 [140306675906368] INFO perfrun.launcher <> - the option was added --kvm-guest-kallsyms: Specify a local path to the /proc/kallsyms file copied from the guest OS for proper symbol resolution.
33 [140306675906368] INFO perfrun.launcher <> - the option was added --kvm-guest-modules: Specify a local path to the /proc/modules file copied from the guest OS for proper symbol resolution.
33 [140306675906368] INFO perfrun.launcher <> - the option was added --dump-vdso: Dump [vdso] to result directory
33 [140306675906368] INFO perfrun.launcher <> - the option was added --bandwidth-limits: Measure bandwidth limits
33 [140306675906368] INFO perfrun.launcher <> - the option was added --bandwidth-strategy: Bandwidth limits determination specific properties (example: --bandwidth-strategy array-size=0,duration=500).
33 [140306675906368] INFO perfrun.launcher <> - the option was added --bandwidth-config: List of benchmarks to run.
33 [140306675906368] INFO perfrun.launcher <> - the option was added --system-collector-config: Specify subcollectors. Possible values: all, vdso, container, device-info, none.
33 [140306675906368] INFO perfrun.launcher <> - the option was added --stackwalk: Specify stack unwinding method. Possible values: online - unwind stacks during collection; offline - unwind stacks after collection is finished.
33 [140306675906368] INFO perfrun.launcher <> - the option was added --filter-include: Filter data during collection. Possible values: contended=<on|off> - filter out uncontended events; contended_nostack=<time> - filter out stacks for contended events that take less than <time> microseconds; wait=<time> - ignore transitions and blocks with wait time less than <time> microseconds; wait_nostack=<time> - filter out stacks for waits that take less than <time> microseconds.
33 [140306675906368] INFO perfrun.launcher <> - the option was added --debug-pin: Debug PIN tool and runtime.
33 [140306675906368] INFO perfrun.launcher <> - the option was added --debug-exception: Disallow the application to set own abnormal termination handler.
33 [140306675906368] INFO perfrun.launcher <> - the option was added --trace-type: Specify the trace file granularity. Possible values: per-thread - per-thread trace file generation; per-process - per-process trace file generation.
33 [140306675906368] INFO perfrun.launcher <> - the option was added --instrumentation-type: Specify type of instrumentation.
33 [140306675906368] INFO perfrun.launcher <> - the option was added --altstack: Enable or disable usage of altstacks for profiling signal handlers.
33 [140306675906368] INFO perfrun.launcher <> - the option was added --profiling-signal: Alternate profiling signal.
33 [140306675906368] INFO perfrun.launcher <> - the option was added --memory-strategy: Specify a minimal memory object size to be traced and a hash table size for faster objects search; for example: --memory-strategy obj-size-min=1024,hash-table-size=4096.
33 [140306675906368] INFO perfrun.launcher <> - the option was added --opencl-trace-mode: Specify OpenCL kernel tracing modes: 'default' to trace OpenCL kernels for Intel Graphics Driver only; 'epoch' for any non-Intel graphics, where OpenCL kernels will be traced and OpenCL profiling API timestamps will be interpreted as Unux Epoch time in nanoseconds; 'completion' to trace OpenCL kernels for any Graphics Driver and bind OpenCL profiling API timestamps to the timestamp of OpenCL completion callback.
33 [140306675906368] INFO perfrun.launcher <> - create msngr2::ICliToolContext
34 [140306675906368] INFO perfrun.launcher <> - create file finder object
35 [140306675906368] INFO perfrun.launcher <> - Put into the variant bag the context value: name = targetOS; value = Linux
35 [140306675906368] INFO perfrun.launcher <> - Put into the variant bag the context value: name = OS; value = Linux
35 [140306675906368] INFO perfrun.launcher <> - Put into the variant bag the context value: name = OSBuildNumber; value = 0
35 [140306675906368] INFO perfrun.launcher <> - Put into the variant bag the context value: name = OSBitness; value = 64
35 [140306675906368] INFO perfrun.launcher <> - Put into the variant bag the context value: name = RootPrivileges; value = false
35 [140306675906368] INFO perfrun.launcher <> - Put into the variant bag the context value: name = isPtraceScopeLimited; value = true
35 [140306675906368] INFO perfrun.launcher <> - Put into the variant bag the context value: name = isCATSupportedByCPU; value = false
35 [140306675906368] INFO perfrun.launcher <> - Put into the variant bag the context value: name = isTSXAvailable; value = true
35 [140306675906368] INFO perfrun.launcher <> - Put into the variant bag the context value: name = isHTEnabled; value = false
35 [140306675906368] INFO perfrun.launcher <> - Put into the variant bag the context value: name = fpgaOnBoard; value = None
35 [140306675906368] INFO perfrun.launcher <> - Put into the variant bag the context value: name = omniPathOnBoard; value = None
35 [140306675906368] INFO perfrun.launcher <> - Put into the variant bag the context value: name = pciClassParts; value = 
35 [140306675906368] INFO perfrun.launcher <> - Put into the variant bag the context value: name = isSGXAvailable; value = true
35 [140306675906368] INFO perfrun.launcher <> - Put into the variant bag the context value: name = LinuxRelease; value = 5.4.0-52-generic
35 [140306675906368] INFO perfrun.launcher <> - Put into the variant bag the context value: name = is3DXPPresent; value = false
35 [140306675906368] INFO perfrun.launcher <> - Put into the variant bag the context value: name = is3DXP2LMMode; value = false
35 [140306675906368] INFO perfrun.launcher <> - Put into the variant bag the context value: name = is3DXPAppDirectMode; value = false
35 [140306675906368] INFO perfrun.launcher <> - Put into the variant bag the context value: name = IsNUMANodeWithoutCPUsPresent; value = false
36 [140306675906368] INFO perfrun.launcher <> - Put into the variant bag the context value: name = Hypervisor; value = None
36 [140306675906368] INFO perfrun.launcher <> - Put into the variant bag the context value: name = PerfmonVersion; value = 4
36 [140306675906368] INFO perfrun.launcher <> - Put into the variant bag the context value: name = isMaxDRAMBandwidthMeasurementSupported; value = true
36 [140306675906368] INFO perfrun.launcher <> - Put into the variant bag the context value: name = isTPSSAvailable; value = true
36 [140306675906368] INFO perfrun.launcher <> - Put into the variant bag the context value: name = isPytraceAvailable; value = true
36 [140306675906368] INFO perfrun.launcher <> - Put into the variant bag the context value: name = isGENDebugInfoAvailable; value = false
36 [140306675906368] INFO perfrun.launcher <> - Put into the variant bag the context value: name = isGTPinCollectionAvailable; value = ErrorNotSupported
36 [140306675906368] INFO perfrun.launcher <> - Application exit code: 0
36 [140306675906368] INFO perfrun.launcher <> - Exit code: 0
