10 [139921204833216] INFO perfrun.launcher <> - Launcher main begin
11 [139921204833216] INFO perfrun.launcher <> - MessageCatalogInit finished
11 [139921204833216] INFO perfrun.launcher <> - Launcher instance created
11 [139921204833216] INFO perfrun.launcher <> - argc = 6; cmdline = /opt/intel/oneapi/advisor/2021.4.0/bin64/advixe-runss --ui-output-format xml --ui-output-fd 82 --context-value-list 
44 [139921204833216] INFO perfrun.launcher <> - create msngr2::ICliToolContext
44 [139921204833216] INFO perfrun.launcher <> - create file finder object
68 [139921204833216] INFO perfrun.launcher <> - Put into the variant bag the context value: name = targetOS; value = Linux
68 [139921204833216] INFO perfrun.launcher <> - Put into the variant bag the context value: name = OS; value = Linux
69 [139921204833216] INFO perfrun.launcher <> - Put into the variant bag the context value: name = OSBuildNumber; value = 0
69 [139921204833216] INFO perfrun.launcher <> - Put into the variant bag the context value: name = OSBitness; value = 64
69 [139921204833216] INFO perfrun.launcher <> - Put into the variant bag the context value: name = RootPrivileges; value = false
69 [139921204833216] INFO perfrun.launcher <> - Put into the variant bag the context value: name = isPtraceScopeLimited; value = true
69 [139921204833216] INFO perfrun.launcher <> - Put into the variant bag the context value: name = isCATSupportedByCPU; value = false
69 [139921204833216] INFO perfrun.launcher <> - Put into the variant bag the context value: name = isL3MonitoringSupportedByCPU; value = false
69 [139921204833216] INFO perfrun.launcher <> - Put into the variant bag the context value: name = isTSXAvailable; value = true
69 [139921204833216] INFO perfrun.launcher <> - Put into the variant bag the context value: name = isPTAvailable; value = true
69 [139921204833216] INFO perfrun.launcher <> - Put into the variant bag the context value: name = isHTEnabled; value = false
69 [139921204833216] INFO perfrun.launcher <> - Put into the variant bag the context value: name = fpgaOnBoard; value = None
69 [139921204833216] INFO perfrun.launcher <> - Put into the variant bag the context value: name = omniPathOnBoard; value = None
69 [139921204833216] INFO perfrun.launcher <> - Put into the variant bag the context value: name = genArchOnBoard; value = 0
69 [139921204833216] INFO perfrun.launcher <> - Put into the variant bag the context value: name = pciClassParts; value = 
69 [139921204833216] INFO perfrun.launcher <> - Put into the variant bag the context value: name = tidValuesForIO; value = 
69 [139921204833216] INFO perfrun.launcher <> - Put into the variant bag the context value: name = populatedIoParts; value = 
69 [139921204833216] INFO perfrun.launcher <> - Put into the variant bag the context value: name = populatedIoUnits; value = 
69 [139921204833216] INFO perfrun.launcher <> - Put into the variant bag the context value: name = populatedTidValuesForIO; value = 
69 [139921204833216] INFO perfrun.launcher <> - Put into the variant bag the context value: name = isSGXAvailable; value = true
69 [139921204833216] INFO perfrun.launcher <> - Put into the variant bag the context value: name = LinuxRelease; value = 5.11.0-38-generic
69 [139921204833216] INFO perfrun.launcher <> - Put into the variant bag the context value: name = is3DXPPresent; value = false
69 [139921204833216] INFO perfrun.launcher <> - Put into the variant bag the context value: name = is3DXP2LMMode; value = false
69 [139921204833216] INFO perfrun.launcher <> - Put into the variant bag the context value: name = is3DXPAppDirectMode; value = false
69 [139921204833216] INFO perfrun.launcher <> - Put into the variant bag the context value: name = IsNUMANodeWithoutCPUsPresent; value = false
69 [139921204833216] INFO perfrun.launcher <> - Put into the variant bag the context value: name = Hypervisor; value = None
69 [139921204833216] INFO perfrun.launcher <> - Put into the variant bag the context value: name = PerfmonVersion; value = 4
69 [139921204833216] INFO perfrun.launcher <> - Put into the variant bag the context value: name = isMaxDRAMBandwidthMeasurementSupported; value = false
69 [139921204833216] INFO perfrun.launcher <> - Put into the variant bag the context value: name = preferedGpuAdapter; value = none
69 [139921204833216] INFO perfrun.launcher <> - Put into the variant bag the context value: name = i915Status; value = MissingDriver
69 [139921204833216] INFO perfrun.launcher <> - Put into the variant bag the context value: name = isTPSSAvailable; value = true
69 [139921204833216] INFO perfrun.launcher <> - Put into the variant bag the context value: name = isPytraceAvailable; value = true
69 [139921204833216] INFO perfrun.launcher <> - Put into the variant bag the context value: name = forceShowInlines; value = false
70 [139921204833216] INFO perfrun.launcher <> - Application exit code: 0
70 [139921204833216] INFO perfrun.launcher <> - Exit code: 0
