10 [139947869475264] INFO perfrun.launcher <> - Launcher main begin
11 [139947869475264] INFO perfrun.launcher <> - MessageCatalogInit finished
11 [139947869475264] INFO perfrun.launcher <> - Launcher instance created
11 [139947869475264] INFO perfrun.launcher <> - argc = 6; cmdline = /opt/intel/oneapi/advisor/2021.4.0/bin64/advixe-runss -dump-vdso -r /home/thanasis/rooflineCheck/rooflineCheck/e000/hs027 --tmp-dir /tmp/advixe-tmp-thanasis 
43 [139947869475264] INFO perfrun.launcher <> - create msngr2::ICliToolContext
43 [139947869475264] INFO perfrun.launcher <> - create file finder object
44 [139947859949312] INFO perfrun.launcher <> - plugin [remoteplug] was disabled because it doesn't support the given collection type.
44 [139947859949312] INFO perfrun.launcher <> - plugin [system] was disabled because it doesn't support the given collection type.
44 [139947859949312] INFO perfrun.vdso <> - dumping [vdso] pseudomodule
88 [139947859949312] INFO perfrun.launcher <> - plugin [itt] was disabled because it doesn't support the given collection type.
88 [139947859949312] INFO perfrun.launcher <> - plugin [] was disabled because it doesn't support the given collection type.
88 [139947859949312] INFO perfrun.launcher <> - plugin [gpu] was disabled because it doesn't support the given collection type.
88 [139947859949312] INFO perfrun.launcher <> - plugin [] was disabled because it doesn't support the given collection type.
88 [139947859949312] INFO perfrun.launcher <> - plugin [] was disabled because it doesn't support the given collection type.
88 [139947859949312] INFO perfrun.launcher <> - plugin [] was disabled because it doesn't support the given collection type.
88 [139947859949312] INFO perfrun.launcher <> - plugin [mrte] was disabled because it doesn't support the given collection type.
88 [139947859949312] INFO perfrun.launcher <> - plugin [] was disabled because it doesn't support the given collection type.
88 [139947859949312] INFO perfrun.launcher <> - plugin [] was disabled because it doesn't support the given collection type.
88 [139947859949312] INFO perfrun.launcher <> - plugin [] was disabled because it doesn't support the given collection type.
88 [139947859949312] INFO perfrun.launcher <> - plugin [] was disabled because it doesn't support the given collection type.
88 [139947859949312] INFO perfrun.launcher <> - plugin [] was disabled because it doesn't support the given collection type.
88 [139947859949312] INFO perfrun.launcher <> - plugin [] was disabled because it doesn't support the given collection type.
88 [139947859949312] INFO perfrun.launcher <> - plugin [] was disabled because it doesn't support the given collection type.
88 [139947859949312] INFO perfrun.launcher <> - plugin [tpss] was disabled because it doesn't support the given collection type.
88 [139947859949312] INFO perfrun.launcher <> - plugin [] was disabled because it doesn't support the given collection type.
88 [139947859949312] INFO perfrun.launcher <> - plugin [] was disabled because it doesn't support the given collection type.
88 [139947859949312] INFO perfrun.launcher <> - plugin [] was disabled because it doesn't support the given collection type.
88 [139947859949312] INFO perfrun.launcher <> - plugin [] was disabled because it doesn't support the given collection type.
88 [139947859949312] INFO perfrun.launcher <> - plugin [] was disabled because it doesn't support the given collection type.
88 [139947859949312] INFO perfrun.launcher <> - plugin [] was disabled because it doesn't support the given collection type.
88 [139947859949312] INFO perfrun.launcher <> - plugin [] was disabled because it doesn't support the given collection type.
88 [139947859949312] INFO perfrun.launcher <> - plugin [] was disabled because it doesn't support the given collection type.
88 [139947859949312] INFO perfrun.launcher <> - plugin [] was disabled because it doesn't support the given collection type.
88 [139947859949312] INFO perfrun.launcher <> - plugin [] was disabled because it doesn't support the given collection type.
88 [139947869475264] INFO perfrun.launcher <> - Application exit code: 0
88 [139947869475264] INFO perfrun.launcher <> - Exit code: 0
