<?xml version="1.0" encoding="utf-8" ?>
<!-- DO NOT EDIT THIS FILE -->

<log version='2.0' source='trc'>
	<msg id='1' display='false' source='trc'>
		<type>PROCESS_START</type>
		<severity>INFO</severity>
		<timestamp>Wed Nov  4 18:26:31 2020</timestamp>
		<arg name='process'>/home/thanasis/rooflineCheck/1_mmult_serial</arg>
		<arg name='pid'>155015</arg>
	</msg>
	<!-- Instrumentation filter's state:
    Patterns applicability:
        Generic loop pattern.....................: enabled
        Generic loop pattern (with dynamic jumps): enabled
        Known trip value loop pattern............: enabled
        Runtime final value loop pattern.........: enabled
        No initial IV loop pattern...............: enabled
        IV step only loop pattern................: enabled
        No entry loop pattern....................: enabled
    Clustered memory model (CMM) applicability:
        Generic loop pattern.....................: enabled
        Generic loop pattern (with dynamic jumps): enabled
        Known trip value loop pattern............: enabled
        Runtime final value loop pattern.........: enabled
        No initial IV loop pattern...............: enabled
        IV step only loop pattern................: enabled
        No entry loop pattern....................: disabled
 -->
	<!-- Callstack mode:
    filter modules.........: true
    filter routines........: true
    count loops............: false
    count flops............: false
    trace..................: false
    extended trace.........: false
    omp trace..............: false
    failures trace.........: false
    dump raw...............: false
    dump final.............: false
    dump all...............: false
    stack stitching........: true
    stl profiling..........: false
    aggressive frame switch: true
    unwind frame exit......: true
    analyze child loops....: true
 -->
	<!-- Managed application profiling: -->
	<!-- 	State...................: enabled -->
	<msg id='2' display='false' source='trc'>
		<type>PROCESS_ANALYSIS_MODE</type>
		<severity>INFO</severity>
		<timestamp>Wed Nov  4 18:26:31 2020</timestamp>
		<arg name='mode'>full</arg>
	</msg>
	<msg id='3' display='false' source='trc'>
		<type>LOAD_MODULE</type>
		<severity>INFO</severity>
		<timestamp>Wed Nov  4 18:26:31 2020</timestamp>
		<arg name='module'>/home/thanasis/rooflineCheck/1_mmult_serial</arg>
		<arg name='basement'>0x564f677af000</arg>
		<arg name='ceiling'>0x564f682f67a7</arg>
	</msg>
	<!-- Instrumenting image: id = 1, name = /home/thanasis/rooflineCheck/1_mmult_serial -->
	<!-- Instrumenting loops in routine "multiply_d3" -->
	<msg id='4' display='false' source='trc'>
		<type>LOAD_MODULE</type>
		<severity>INFO</severity>
		<timestamp>Wed Nov  4 18:26:31 2020</timestamp>
		<arg name='module'>/lib64/ld-linux-x86-64.so.2</arg>
		<arg name='basement'>0x7fad840aa000</arg>
		<arg name='ceiling'>0x7fad840d918f</arg>
	</msg>
	<!-- Instrumentation of /lib64/ld-linux-x86-64.so.2 image skipped because of filter conditions [cs-mode]. -->
	<msg id='5' display='false' source='trc'>
		<type>LOAD_MODULE</type>
		<severity>INFO</severity>
		<timestamp>Wed Nov  4 18:26:31 2020</timestamp>
		<arg name='module'>[vdso]</arg>
		<arg name='basement'>0x7ffcc120f000</arg>
		<arg name='ceiling'>0x7ffcc120fa3b</arg>
	</msg>
	<!-- Instrumentation of [vdso] image skipped because of filter conditions [cs-mode]. -->
	<msg id='6' display='false' source='trc'>
		<type>UNLOAD_MODULE</type>
		<severity>INFO</severity>
		<timestamp>Wed Nov  4 18:26:31 2020</timestamp>
		<arg name='module'>/home/thanasis/rooflineCheck/1_mmult_serial</arg>
	</msg>
	<msg id='7' display='false' source='trc'>
		<type>UNLOAD_MODULE</type>
		<severity>INFO</severity>
		<timestamp>Wed Nov  4 18:26:31 2020</timestamp>
		<arg name='module'>/lib64/ld-linux-x86-64.so.2</arg>
	</msg>
	<msg id='8' display='false' source='trc'>
		<type>UNLOAD_MODULE</type>
		<severity>INFO</severity>
		<timestamp>Wed Nov  4 18:26:31 2020</timestamp>
		<arg name='module'>[vdso]</arg>
	</msg>
	<msg id='9' display='false' source='trc'>
		<type>PROCESS_FINISH</type>
		<severity>INFO</severity>
		<timestamp>Wed Nov  4 18:26:31 2020</timestamp>
		<arg name='process'>/home/thanasis/rooflineCheck/1_mmult_serial</arg>
		<arg name='pid'>155015</arg>
		<arg name='exitcode'>0x7f</arg>
	</msg>
	<!-- Application exited with code 127 -->
</log>