11 [140299781626816] INFO perfrun.launcher <> - Launcher main begin
12 [140299781626816] INFO perfrun.launcher <> - MessageCatalogInit finished
12 [140299781626816] INFO perfrun.launcher <> - Launcher instance created
12 [140299781626816] INFO perfrun.launcher <> - argc = 6; cmdline = /opt/intel/oneapi/advisor/2021.4.0/bin64/advixe-runss --ui-output-format xml --ui-output-fd 82 --context-value-list 
47 [140299781626816] INFO perfrun.launcher <> - create msngr2::ICliToolContext
47 [140299781626816] INFO perfrun.launcher <> - create file finder object
48 [140299781626816] INFO perfrun.launcher <> - Put into the variant bag the context value: name = targetOS; value = Linux
48 [140299781626816] INFO perfrun.launcher <> - Put into the variant bag the context value: name = OS; value = Linux
48 [140299781626816] INFO perfrun.launcher <> - Put into the variant bag the context value: name = OSBuildNumber; value = 0
48 [140299781626816] INFO perfrun.launcher <> - Put into the variant bag the context value: name = OSBitness; value = 64
48 [140299781626816] INFO perfrun.launcher <> - Put into the variant bag the context value: name = RootPrivileges; value = false
48 [140299781626816] INFO perfrun.launcher <> - Put into the variant bag the context value: name = isPtraceScopeLimited; value = true
48 [140299781626816] INFO perfrun.launcher <> - Put into the variant bag the context value: name = isCATSupportedByCPU; value = false
48 [140299781626816] INFO perfrun.launcher <> - Put into the variant bag the context value: name = isL3MonitoringSupportedByCPU; value = false
49 [140299781626816] INFO perfrun.launcher <> - Put into the variant bag the context value: name = isTSXAvailable; value = true
49 [140299781626816] INFO perfrun.launcher <> - Put into the variant bag the context value: name = isPTAvailable; value = true
49 [140299781626816] INFO perfrun.launcher <> - Put into the variant bag the context value: name = isHTEnabled; value = false
49 [140299781626816] INFO perfrun.launcher <> - Put into the variant bag the context value: name = fpgaOnBoard; value = None
49 [140299781626816] INFO perfrun.launcher <> - Put into the variant bag the context value: name = omniPathOnBoard; value = None
49 [140299781626816] INFO perfrun.launcher <> - Put into the variant bag the context value: name = genArchOnBoard; value = 0
49 [140299781626816] INFO perfrun.launcher <> - Put into the variant bag the context value: name = pciClassParts; value = 
49 [140299781626816] INFO perfrun.launcher <> - Put into the variant bag the context value: name = tidValuesForIO; value = 
49 [140299781626816] INFO perfrun.launcher <> - Put into the variant bag the context value: name = populatedIoParts; value = 
49 [140299781626816] INFO perfrun.launcher <> - Put into the variant bag the context value: name = populatedIoUnits; value = 
49 [140299781626816] INFO perfrun.launcher <> - Put into the variant bag the context value: name = populatedTidValuesForIO; value = 
49 [140299781626816] INFO perfrun.launcher <> - Put into the variant bag the context value: name = isSGXAvailable; value = true
49 [140299781626816] INFO perfrun.launcher <> - Put into the variant bag the context value: name = LinuxRelease; value = 5.11.0-38-generic
49 [140299781626816] INFO perfrun.launcher <> - Put into the variant bag the context value: name = is3DXPPresent; value = false
49 [140299781626816] INFO perfrun.launcher <> - Put into the variant bag the context value: name = is3DXP2LMMode; value = false
49 [140299781626816] INFO perfrun.launcher <> - Put into the variant bag the context value: name = is3DXPAppDirectMode; value = false
49 [140299781626816] INFO perfrun.launcher <> - Put into the variant bag the context value: name = IsNUMANodeWithoutCPUsPresent; value = false
49 [140299781626816] INFO perfrun.launcher <> - Put into the variant bag the context value: name = Hypervisor; value = None
49 [140299781626816] INFO perfrun.launcher <> - Put into the variant bag the context value: name = PerfmonVersion; value = 4
49 [140299781626816] INFO perfrun.launcher <> - Put into the variant bag the context value: name = isMaxDRAMBandwidthMeasurementSupported; value = false
49 [140299781626816] INFO perfrun.launcher <> - Put into the variant bag the context value: name = preferedGpuAdapter; value = none
49 [140299781626816] INFO perfrun.launcher <> - Put into the variant bag the context value: name = i915Status; value = MissingDriver
49 [140299781626816] INFO perfrun.launcher <> - Put into the variant bag the context value: name = isTPSSAvailable; value = true
49 [140299781626816] INFO perfrun.launcher <> - Put into the variant bag the context value: name = isPytraceAvailable; value = true
49 [140299781626816] INFO perfrun.launcher <> - Put into the variant bag the context value: name = forceShowInlines; value = false
50 [140299781626816] INFO perfrun.launcher <> - Application exit code: 0
50 [140299781626816] INFO perfrun.launcher <> - Exit code: 0
