Peak bandwidth measurement started...
Peak bandwidth measurement finished.
Analysis started...
Collection has been started.
Result file: /home/thanasis/rooflineCheck/roofline/e000/trc000/trc000.advixe 
Application exit code: 127 
Result file: /home/thanasis/rooflineCheck/roofline/e000/trc000/trc000.advixe 
Analysis completed
Finalizing results
Finalizing the result
Loading raw data to the database
Loading 'bandwidth_1604507180.hpc' file
Loading 'tripcounts_155015_0.tcs' file
Updating precomputed scalar metrics
Raw data has been loaded to the database, elapsed time is 0.032 seconds.
Processing profile metrics and debug information
Data transformations have been finished, elapsed time is 0.000 seconds.
Processing profile metrics and debug information
Error: Error 0x4000002a (Database interface error) -- Cannot run data transformation `Add Fake Loop Data'.
Deferred data transformations have been finished, elapsed time is 0.004 seconds.
Setting data model parameters
Data model parameters have been set, elapsed time is 0.012 seconds.
Precomputing frequently used data
Precomputing frequently used data
Updating precomputed scalar metrics
Precomputing frequently used data has been finished, elapsed time is 0.007 seconds.
Discarding redundant overtime data
Saving the result
Redundant overtime data has been discarded, elapsed time is 0.001 seconds.
Raw collector data has been discarded, elapsed time is 0.000 seconds.
Finalizing the result took 0.111 seconds.
Preparing data for display of survey call tree
